
build/bin/GPIO_IOToggle.elf:     file format elf32-littlearm


Disassembly of section .text:

08000194 <deregister_tm_clones>:
 8000194:	4803      	ldr	r0, [pc, #12]	@ (80001a4 <deregister_tm_clones+0x10>)
 8000196:	4b04      	ldr	r3, [pc, #16]	@ (80001a8 <deregister_tm_clones+0x14>)
 8000198:	4283      	cmp	r3, r0
 800019a:	d002      	beq.n	80001a2 <deregister_tm_clones+0xe>
 800019c:	4b03      	ldr	r3, [pc, #12]	@ (80001ac <deregister_tm_clones+0x18>)
 800019e:	b103      	cbz	r3, 80001a2 <deregister_tm_clones+0xe>
 80001a0:	4718      	bx	r3
 80001a2:	4770      	bx	lr
 80001a4:	2000000c 	.word	0x2000000c
 80001a8:	2000000c 	.word	0x2000000c
 80001ac:	00000000 	.word	0x00000000

080001b0 <register_tm_clones>:
 80001b0:	4805      	ldr	r0, [pc, #20]	@ (80001c8 <register_tm_clones+0x18>)
 80001b2:	4b06      	ldr	r3, [pc, #24]	@ (80001cc <register_tm_clones+0x1c>)
 80001b4:	1a1b      	subs	r3, r3, r0
 80001b6:	0fd9      	lsrs	r1, r3, #31
 80001b8:	eb01 01a3 	add.w	r1, r1, r3, asr #2
 80001bc:	1049      	asrs	r1, r1, #1
 80001be:	d002      	beq.n	80001c6 <register_tm_clones+0x16>
 80001c0:	4b03      	ldr	r3, [pc, #12]	@ (80001d0 <register_tm_clones+0x20>)
 80001c2:	b103      	cbz	r3, 80001c6 <register_tm_clones+0x16>
 80001c4:	4718      	bx	r3
 80001c6:	4770      	bx	lr
 80001c8:	2000000c 	.word	0x2000000c
 80001cc:	2000000c 	.word	0x2000000c
 80001d0:	00000000 	.word	0x00000000

080001d4 <__do_global_dtors_aux>:
 80001d4:	b510      	push	{r4, lr}
 80001d6:	4c06      	ldr	r4, [pc, #24]	@ (80001f0 <__do_global_dtors_aux+0x1c>)
 80001d8:	7823      	ldrb	r3, [r4, #0]
 80001da:	b943      	cbnz	r3, 80001ee <__do_global_dtors_aux+0x1a>
 80001dc:	f7ff ffda 	bl	8000194 <deregister_tm_clones>
 80001e0:	4b04      	ldr	r3, [pc, #16]	@ (80001f4 <__do_global_dtors_aux+0x20>)
 80001e2:	b113      	cbz	r3, 80001ea <__do_global_dtors_aux+0x16>
 80001e4:	4804      	ldr	r0, [pc, #16]	@ (80001f8 <__do_global_dtors_aux+0x24>)
 80001e6:	f3af 8000 	nop.w
 80001ea:	2301      	movs	r3, #1
 80001ec:	7023      	strb	r3, [r4, #0]
 80001ee:	bd10      	pop	{r4, pc}
 80001f0:	2000000c 	.word	0x2000000c
 80001f4:	00000000 	.word	0x00000000
 80001f8:	08000fdc 	.word	0x08000fdc

080001fc <frame_dummy>:
 80001fc:	b508      	push	{r3, lr}
 80001fe:	4b04      	ldr	r3, [pc, #16]	@ (8000210 <frame_dummy+0x14>)
 8000200:	b11b      	cbz	r3, 800020a <frame_dummy+0xe>
 8000202:	4904      	ldr	r1, [pc, #16]	@ (8000214 <frame_dummy+0x18>)
 8000204:	4804      	ldr	r0, [pc, #16]	@ (8000218 <frame_dummy+0x1c>)
 8000206:	f3af 8000 	nop.w
 800020a:	e8bd 4008 	ldmia.w	sp!, {r3, lr}
 800020e:	e7cf      	b.n	80001b0 <register_tm_clones>
 8000210:	00000000 	.word	0x00000000
 8000214:	20000010 	.word	0x20000010
 8000218:	08000fdc 	.word	0x08000fdc

0800021c <__libc_init_array>:
 800021c:	b570      	push	{r4, r5, r6, lr}
 800021e:	4b0f      	ldr	r3, [pc, #60]	@ (800025c <__libc_init_array+0x40>)
 8000220:	4d0f      	ldr	r5, [pc, #60]	@ (8000260 <__libc_init_array+0x44>)
 8000222:	42ab      	cmp	r3, r5
 8000224:	eba3 0605 	sub.w	r6, r3, r5
 8000228:	d007      	beq.n	800023a <__libc_init_array+0x1e>
 800022a:	10b6      	asrs	r6, r6, #2
 800022c:	2400      	movs	r4, #0
 800022e:	f855 3b04 	ldr.w	r3, [r5], #4
 8000232:	3401      	adds	r4, #1
 8000234:	4798      	blx	r3
 8000236:	42a6      	cmp	r6, r4
 8000238:	d8f9      	bhi.n	800022e <__libc_init_array+0x12>
 800023a:	f000 fecf 	bl	8000fdc <_init>
 800023e:	4d09      	ldr	r5, [pc, #36]	@ (8000264 <__libc_init_array+0x48>)
 8000240:	4b09      	ldr	r3, [pc, #36]	@ (8000268 <__libc_init_array+0x4c>)
 8000242:	1b5e      	subs	r6, r3, r5
 8000244:	42ab      	cmp	r3, r5
 8000246:	ea4f 06a6 	mov.w	r6, r6, asr #2
 800024a:	d006      	beq.n	800025a <__libc_init_array+0x3e>
 800024c:	2400      	movs	r4, #0
 800024e:	f855 3b04 	ldr.w	r3, [r5], #4
 8000252:	3401      	adds	r4, #1
 8000254:	4798      	blx	r3
 8000256:	42a6      	cmp	r6, r4
 8000258:	d8f9      	bhi.n	800024e <__libc_init_array+0x32>
 800025a:	bd70      	pop	{r4, r5, r6, pc}
 800025c:	0800100c 	.word	0x0800100c
 8000260:	0800100c 	.word	0x0800100c
 8000264:	0800100c 	.word	0x0800100c
 8000268:	08001010 	.word	0x08001010

0800026c <__aeabi_uldivmod>:
 800026c:	b953      	cbnz	r3, 8000284 <__aeabi_uldivmod+0x18>
 800026e:	b94a      	cbnz	r2, 8000284 <__aeabi_uldivmod+0x18>
 8000270:	2900      	cmp	r1, #0
 8000272:	bf08      	it	eq
 8000274:	2800      	cmpeq	r0, #0
 8000276:	bf1c      	itt	ne
 8000278:	f04f 31ff 	movne.w	r1, #4294967295	@ 0xffffffff
 800027c:	f04f 30ff 	movne.w	r0, #4294967295	@ 0xffffffff
 8000280:	f000 b96a 	b.w	8000558 <__aeabi_idiv0>
 8000284:	f1ad 0c08 	sub.w	ip, sp, #8
 8000288:	e96d ce04 	strd	ip, lr, [sp, #-16]!
 800028c:	f000 f806 	bl	800029c <__udivmoddi4>
 8000290:	f8dd e004 	ldr.w	lr, [sp, #4]
 8000294:	e9dd 2302 	ldrd	r2, r3, [sp, #8]
 8000298:	b004      	add	sp, #16
 800029a:	4770      	bx	lr

0800029c <__udivmoddi4>:
 800029c:	e92d 47f0 	stmdb	sp!, {r4, r5, r6, r7, r8, r9, sl, lr}
 80002a0:	9d08      	ldr	r5, [sp, #32]
 80002a2:	460e      	mov	r6, r1
 80002a4:	4604      	mov	r4, r0
 80002a6:	460f      	mov	r7, r1
 80002a8:	2b00      	cmp	r3, #0
 80002aa:	d14a      	bne.n	8000342 <__udivmoddi4+0xa6>
 80002ac:	4694      	mov	ip, r2
 80002ae:	458c      	cmp	ip, r1
 80002b0:	fab2 f282 	clz	r2, r2
 80002b4:	d960      	bls.n	8000378 <__udivmoddi4+0xdc>
 80002b6:	b142      	cbz	r2, 80002ca <__udivmoddi4+0x2e>
 80002b8:	f1c2 0320 	rsb	r3, r2, #32
 80002bc:	4097      	lsls	r7, r2
 80002be:	fa20 f303 	lsr.w	r3, r0, r3
 80002c2:	fa0c fc02 	lsl.w	ip, ip, r2
 80002c6:	431f      	orrs	r7, r3
 80002c8:	4094      	lsls	r4, r2
 80002ca:	ea4f 4e1c 	mov.w	lr, ip, lsr #16
 80002ce:	fa1f f68c 	uxth.w	r6, ip
 80002d2:	fbb7 f1fe 	udiv	r1, r7, lr
 80002d6:	0c23      	lsrs	r3, r4, #16
 80002d8:	fb0e 7711 	mls	r7, lr, r1, r7
 80002dc:	ea43 4307 	orr.w	r3, r3, r7, lsl #16
 80002e0:	fb01 f006 	mul.w	r0, r1, r6
 80002e4:	4298      	cmp	r0, r3
 80002e6:	d90a      	bls.n	80002fe <__udivmoddi4+0x62>
 80002e8:	eb1c 0303 	adds.w	r3, ip, r3
 80002ec:	f101 37ff 	add.w	r7, r1, #4294967295	@ 0xffffffff
 80002f0:	f080 8115 	bcs.w	800051e <__udivmoddi4+0x282>
 80002f4:	4298      	cmp	r0, r3
 80002f6:	f240 8112 	bls.w	800051e <__udivmoddi4+0x282>
 80002fa:	3902      	subs	r1, #2
 80002fc:	4463      	add	r3, ip
 80002fe:	1a1b      	subs	r3, r3, r0
 8000300:	b2a4      	uxth	r4, r4
 8000302:	fbb3 f0fe 	udiv	r0, r3, lr
 8000306:	fb0e 3310 	mls	r3, lr, r0, r3
 800030a:	ea44 4403 	orr.w	r4, r4, r3, lsl #16
 800030e:	fb00 f606 	mul.w	r6, r0, r6
 8000312:	42a6      	cmp	r6, r4
 8000314:	d90a      	bls.n	800032c <__udivmoddi4+0x90>
 8000316:	eb1c 0404 	adds.w	r4, ip, r4
 800031a:	f100 33ff 	add.w	r3, r0, #4294967295	@ 0xffffffff
 800031e:	f080 8100 	bcs.w	8000522 <__udivmoddi4+0x286>
 8000322:	42a6      	cmp	r6, r4
 8000324:	f240 80fd 	bls.w	8000522 <__udivmoddi4+0x286>
 8000328:	4464      	add	r4, ip
 800032a:	3802      	subs	r0, #2
 800032c:	ea40 4001 	orr.w	r0, r0, r1, lsl #16
 8000330:	1ba4      	subs	r4, r4, r6
 8000332:	2100      	movs	r1, #0
 8000334:	b11d      	cbz	r5, 800033e <__udivmoddi4+0xa2>
 8000336:	40d4      	lsrs	r4, r2
 8000338:	2300      	movs	r3, #0
 800033a:	e9c5 4300 	strd	r4, r3, [r5]
 800033e:	e8bd 87f0 	ldmia.w	sp!, {r4, r5, r6, r7, r8, r9, sl, pc}
 8000342:	428b      	cmp	r3, r1
 8000344:	d905      	bls.n	8000352 <__udivmoddi4+0xb6>
 8000346:	b10d      	cbz	r5, 800034c <__udivmoddi4+0xb0>
 8000348:	e9c5 0100 	strd	r0, r1, [r5]
 800034c:	2100      	movs	r1, #0
 800034e:	4608      	mov	r0, r1
 8000350:	e7f5      	b.n	800033e <__udivmoddi4+0xa2>
 8000352:	fab3 f183 	clz	r1, r3
 8000356:	2900      	cmp	r1, #0
 8000358:	d146      	bne.n	80003e8 <__udivmoddi4+0x14c>
 800035a:	42b3      	cmp	r3, r6
 800035c:	d302      	bcc.n	8000364 <__udivmoddi4+0xc8>
 800035e:	4282      	cmp	r2, r0
 8000360:	f200 80f5 	bhi.w	800054e <__udivmoddi4+0x2b2>
 8000364:	1a84      	subs	r4, r0, r2
 8000366:	eb66 0203 	sbc.w	r2, r6, r3
 800036a:	2001      	movs	r0, #1
 800036c:	4617      	mov	r7, r2
 800036e:	2d00      	cmp	r5, #0
 8000370:	d0e5      	beq.n	800033e <__udivmoddi4+0xa2>
 8000372:	e9c5 4700 	strd	r4, r7, [r5]
 8000376:	e7e2      	b.n	800033e <__udivmoddi4+0xa2>
 8000378:	2a00      	cmp	r2, #0
 800037a:	f040 8093 	bne.w	80004a4 <__udivmoddi4+0x208>
 800037e:	eba1 030c 	sub.w	r3, r1, ip
 8000382:	ea4f 471c 	mov.w	r7, ip, lsr #16
 8000386:	fa1f fe8c 	uxth.w	lr, ip
 800038a:	2101      	movs	r1, #1
 800038c:	fbb3 f6f7 	udiv	r6, r3, r7
 8000390:	fb07 3016 	mls	r0, r7, r6, r3
 8000394:	0c23      	lsrs	r3, r4, #16
 8000396:	ea43 4300 	orr.w	r3, r3, r0, lsl #16
 800039a:	fb0e f006 	mul.w	r0, lr, r6
 800039e:	4298      	cmp	r0, r3
 80003a0:	d908      	bls.n	80003b4 <__udivmoddi4+0x118>
 80003a2:	eb1c 0303 	adds.w	r3, ip, r3
 80003a6:	f106 38ff 	add.w	r8, r6, #4294967295	@ 0xffffffff
 80003aa:	d202      	bcs.n	80003b2 <__udivmoddi4+0x116>
 80003ac:	4298      	cmp	r0, r3
 80003ae:	f200 80d0 	bhi.w	8000552 <__udivmoddi4+0x2b6>
 80003b2:	4646      	mov	r6, r8
 80003b4:	1a1b      	subs	r3, r3, r0
 80003b6:	b2a4      	uxth	r4, r4
 80003b8:	fbb3 f0f7 	udiv	r0, r3, r7
 80003bc:	fb07 3310 	mls	r3, r7, r0, r3
 80003c0:	ea44 4403 	orr.w	r4, r4, r3, lsl #16
 80003c4:	fb0e fe00 	mul.w	lr, lr, r0
 80003c8:	45a6      	cmp	lr, r4
 80003ca:	d908      	bls.n	80003de <__udivmoddi4+0x142>
 80003cc:	eb1c 0404 	adds.w	r4, ip, r4
 80003d0:	f100 33ff 	add.w	r3, r0, #4294967295	@ 0xffffffff
 80003d4:	d202      	bcs.n	80003dc <__udivmoddi4+0x140>
 80003d6:	45a6      	cmp	lr, r4
 80003d8:	f200 80b6 	bhi.w	8000548 <__udivmoddi4+0x2ac>
 80003dc:	4618      	mov	r0, r3
 80003de:	eba4 040e 	sub.w	r4, r4, lr
 80003e2:	ea40 4006 	orr.w	r0, r0, r6, lsl #16
 80003e6:	e7a5      	b.n	8000334 <__udivmoddi4+0x98>
 80003e8:	f1c1 0720 	rsb	r7, r1, #32
 80003ec:	408b      	lsls	r3, r1
 80003ee:	fa22 fc07 	lsr.w	ip, r2, r7
 80003f2:	ea4c 0c03 	orr.w	ip, ip, r3
 80003f6:	fa06 fe01 	lsl.w	lr, r6, r1
 80003fa:	fa20 f407 	lsr.w	r4, r0, r7
 80003fe:	fa26 f307 	lsr.w	r3, r6, r7
 8000402:	ea44 040e 	orr.w	r4, r4, lr
 8000406:	fa00 f801 	lsl.w	r8, r0, r1
 800040a:	ea4f 401c 	mov.w	r0, ip, lsr #16
 800040e:	ea4f 4914 	mov.w	r9, r4, lsr #16
 8000412:	fbb3 fef0 	udiv	lr, r3, r0
 8000416:	fa1f f68c 	uxth.w	r6, ip
 800041a:	fb00 331e 	mls	r3, r0, lr, r3
 800041e:	ea49 4303 	orr.w	r3, r9, r3, lsl #16
 8000422:	fb0e f906 	mul.w	r9, lr, r6
 8000426:	4599      	cmp	r9, r3
 8000428:	fa02 f201 	lsl.w	r2, r2, r1
 800042c:	d90b      	bls.n	8000446 <__udivmoddi4+0x1aa>
 800042e:	eb1c 0303 	adds.w	r3, ip, r3
 8000432:	f10e 3aff 	add.w	sl, lr, #4294967295	@ 0xffffffff
 8000436:	f080 8085 	bcs.w	8000544 <__udivmoddi4+0x2a8>
 800043a:	4599      	cmp	r9, r3
 800043c:	f240 8082 	bls.w	8000544 <__udivmoddi4+0x2a8>
 8000440:	f1ae 0e02 	sub.w	lr, lr, #2
 8000444:	4463      	add	r3, ip
 8000446:	eba3 0909 	sub.w	r9, r3, r9
 800044a:	b2a4      	uxth	r4, r4
 800044c:	fbb9 f3f0 	udiv	r3, r9, r0
 8000450:	fb00 9913 	mls	r9, r0, r3, r9
 8000454:	ea44 4409 	orr.w	r4, r4, r9, lsl #16
 8000458:	fb03 f606 	mul.w	r6, r3, r6
 800045c:	42a6      	cmp	r6, r4
 800045e:	d908      	bls.n	8000472 <__udivmoddi4+0x1d6>
 8000460:	eb1c 0404 	adds.w	r4, ip, r4
 8000464:	f103 30ff 	add.w	r0, r3, #4294967295	@ 0xffffffff
 8000468:	d268      	bcs.n	800053c <__udivmoddi4+0x2a0>
 800046a:	42a6      	cmp	r6, r4
 800046c:	d966      	bls.n	800053c <__udivmoddi4+0x2a0>
 800046e:	3b02      	subs	r3, #2
 8000470:	4464      	add	r4, ip
 8000472:	ea43 400e 	orr.w	r0, r3, lr, lsl #16
 8000476:	1ba4      	subs	r4, r4, r6
 8000478:	fba0 e602 	umull	lr, r6, r0, r2
 800047c:	42b4      	cmp	r4, r6
 800047e:	4673      	mov	r3, lr
 8000480:	46b1      	mov	r9, r6
 8000482:	d352      	bcc.n	800052a <__udivmoddi4+0x28e>
 8000484:	d04f      	beq.n	8000526 <__udivmoddi4+0x28a>
 8000486:	b15d      	cbz	r5, 80004a0 <__udivmoddi4+0x204>
 8000488:	ebb8 0203 	subs.w	r2, r8, r3
 800048c:	eb64 0409 	sbc.w	r4, r4, r9
 8000490:	fa04 f707 	lsl.w	r7, r4, r7
 8000494:	fa22 f301 	lsr.w	r3, r2, r1
 8000498:	431f      	orrs	r7, r3
 800049a:	40cc      	lsrs	r4, r1
 800049c:	e9c5 7400 	strd	r7, r4, [r5]
 80004a0:	2100      	movs	r1, #0
 80004a2:	e74c      	b.n	800033e <__udivmoddi4+0xa2>
 80004a4:	f1c2 0120 	rsb	r1, r2, #32
 80004a8:	fa20 f301 	lsr.w	r3, r0, r1
 80004ac:	fa0c fc02 	lsl.w	ip, ip, r2
 80004b0:	fa26 f101 	lsr.w	r1, r6, r1
 80004b4:	4096      	lsls	r6, r2
 80004b6:	4333      	orrs	r3, r6
 80004b8:	ea4f 471c 	mov.w	r7, ip, lsr #16
 80004bc:	fa1f fe8c 	uxth.w	lr, ip
 80004c0:	fbb1 f0f7 	udiv	r0, r1, r7
 80004c4:	fb07 1610 	mls	r6, r7, r0, r1
 80004c8:	0c19      	lsrs	r1, r3, #16
 80004ca:	ea41 4106 	orr.w	r1, r1, r6, lsl #16
 80004ce:	fb00 f60e 	mul.w	r6, r0, lr
 80004d2:	428e      	cmp	r6, r1
 80004d4:	fa04 f402 	lsl.w	r4, r4, r2
 80004d8:	d908      	bls.n	80004ec <__udivmoddi4+0x250>
 80004da:	eb1c 0101 	adds.w	r1, ip, r1
 80004de:	f100 38ff 	add.w	r8, r0, #4294967295	@ 0xffffffff
 80004e2:	d22d      	bcs.n	8000540 <__udivmoddi4+0x2a4>
 80004e4:	428e      	cmp	r6, r1
 80004e6:	d92b      	bls.n	8000540 <__udivmoddi4+0x2a4>
 80004e8:	3802      	subs	r0, #2
 80004ea:	4461      	add	r1, ip
 80004ec:	1b89      	subs	r1, r1, r6
 80004ee:	b29b      	uxth	r3, r3
 80004f0:	fbb1 f6f7 	udiv	r6, r1, r7
 80004f4:	fb07 1116 	mls	r1, r7, r6, r1
 80004f8:	ea43 4301 	orr.w	r3, r3, r1, lsl #16
 80004fc:	fb06 f10e 	mul.w	r1, r6, lr
 8000500:	4299      	cmp	r1, r3
 8000502:	d908      	bls.n	8000516 <__udivmoddi4+0x27a>
 8000504:	eb1c 0303 	adds.w	r3, ip, r3
 8000508:	f106 38ff 	add.w	r8, r6, #4294967295	@ 0xffffffff
 800050c:	d214      	bcs.n	8000538 <__udivmoddi4+0x29c>
 800050e:	4299      	cmp	r1, r3
 8000510:	d912      	bls.n	8000538 <__udivmoddi4+0x29c>
 8000512:	3e02      	subs	r6, #2
 8000514:	4463      	add	r3, ip
 8000516:	1a5b      	subs	r3, r3, r1
 8000518:	ea46 4100 	orr.w	r1, r6, r0, lsl #16
 800051c:	e736      	b.n	800038c <__udivmoddi4+0xf0>
 800051e:	4639      	mov	r1, r7
 8000520:	e6ed      	b.n	80002fe <__udivmoddi4+0x62>
 8000522:	4618      	mov	r0, r3
 8000524:	e702      	b.n	800032c <__udivmoddi4+0x90>
 8000526:	45f0      	cmp	r8, lr
 8000528:	d2ad      	bcs.n	8000486 <__udivmoddi4+0x1ea>
 800052a:	ebbe 0302 	subs.w	r3, lr, r2
 800052e:	eb66 060c 	sbc.w	r6, r6, ip
 8000532:	3801      	subs	r0, #1
 8000534:	46b1      	mov	r9, r6
 8000536:	e7a6      	b.n	8000486 <__udivmoddi4+0x1ea>
 8000538:	4646      	mov	r6, r8
 800053a:	e7ec      	b.n	8000516 <__udivmoddi4+0x27a>
 800053c:	4603      	mov	r3, r0
 800053e:	e798      	b.n	8000472 <__udivmoddi4+0x1d6>
 8000540:	4640      	mov	r0, r8
 8000542:	e7d3      	b.n	80004ec <__udivmoddi4+0x250>
 8000544:	46d6      	mov	lr, sl
 8000546:	e77e      	b.n	8000446 <__udivmoddi4+0x1aa>
 8000548:	4464      	add	r4, ip
 800054a:	3802      	subs	r0, #2
 800054c:	e747      	b.n	80003de <__udivmoddi4+0x142>
 800054e:	4608      	mov	r0, r1
 8000550:	e70d      	b.n	800036e <__udivmoddi4+0xd2>
 8000552:	3e02      	subs	r6, #2
 8000554:	4463      	add	r3, ip
 8000556:	e72d      	b.n	80003b4 <__udivmoddi4+0x118>

08000558 <__aeabi_idiv0>:
 8000558:	4770      	bx	lr
 800055a:	bf00      	nop

0800055c <main>:
 800055c:	b500      	push	{lr}
 800055e:	b095      	sub	sp, #84	@ 0x54
 8000560:	f000 f8c0 	bl	80006e4 <HAL_Init>
 8000564:	4c2b      	ldr	r4, [pc, #172]	@ (8000614 <main+0xb8>)
 8000566:	482c      	ldr	r0, [pc, #176]	@ (8000618 <main+0xbc>)
 8000568:	2200      	movs	r2, #0
 800056a:	9201      	str	r2, [sp, #4]
 800056c:	6c23      	ldr	r3, [r4, #64]	@ 0x40
 800056e:	f043 5380 	orr.w	r3, r3, #268435456	@ 0x10000000
 8000572:	6423      	str	r3, [r4, #64]	@ 0x40
 8000574:	6c23      	ldr	r3, [r4, #64]	@ 0x40
 8000576:	f003 5380 	and.w	r3, r3, #268435456	@ 0x10000000
 800057a:	9301      	str	r3, [sp, #4]
 800057c:	9b01      	ldr	r3, [sp, #4]
 800057e:	9202      	str	r2, [sp, #8]
 8000580:	6803      	ldr	r3, [r0, #0]
 8000582:	f423 4340 	bic.w	r3, r3, #49152	@ 0xc000
 8000586:	f443 4300 	orr.w	r3, r3, #32768	@ 0x8000
 800058a:	6003      	str	r3, [r0, #0]
 800058c:	6803      	ldr	r3, [r0, #0]
 800058e:	920f      	str	r2, [sp, #60]	@ 0x3c
 8000590:	f403 4340 	and.w	r3, r3, #49152	@ 0xc000
 8000594:	9302      	str	r3, [sp, #8]
 8000596:	f44f 72a8 	mov.w	r2, #336	@ 0x150
 800059a:	2310      	movs	r3, #16
 800059c:	2601      	movs	r6, #1
 800059e:	e9cd 3210 	strd	r3, r2, [sp, #64]	@ 0x40
 80005a2:	2502      	movs	r5, #2
 80005a4:	e9cd 630b 	strd	r6, r3, [sp, #44]	@ 0x2c
 80005a8:	2204      	movs	r2, #4
 80005aa:	2307      	movs	r3, #7
 80005ac:	a808      	add	r0, sp, #32
 80005ae:	e9cd 2312 	strd	r2, r3, [sp, #72]	@ 0x48
 80005b2:	9902      	ldr	r1, [sp, #8]
 80005b4:	9508      	str	r5, [sp, #32]
 80005b6:	950e      	str	r5, [sp, #56]	@ 0x38
 80005b8:	f000 fa34 	bl	8000a24 <HAL_RCC_OscConfig>
 80005bc:	b100      	cbz	r0, 80005c0 <main+0x64>
 80005be:	e7fe      	b.n	80005be <main+0x62>
 80005c0:	230f      	movs	r3, #15
 80005c2:	e9cd 5004 	strd	r5, r0, [sp, #16]
 80005c6:	9303      	str	r3, [sp, #12]
 80005c8:	9007      	str	r0, [sp, #28]
 80005ca:	f44f 5380 	mov.w	r3, #4096	@ 0x1000
 80005ce:	4629      	mov	r1, r5
 80005d0:	a803      	add	r0, sp, #12
 80005d2:	9306      	str	r3, [sp, #24]
 80005d4:	f000 fc3c 	bl	8000e50 <HAL_RCC_ClockConfig>
 80005d8:	b9d8      	cbnz	r0, 8000612 <main+0xb6>
 80005da:	9008      	str	r0, [sp, #32]
 80005dc:	6b23      	ldr	r3, [r4, #48]	@ 0x30
 80005de:	490f      	ldr	r1, [pc, #60]	@ (800061c <main+0xc0>)
 80005e0:	480f      	ldr	r0, [pc, #60]	@ (8000620 <main+0xc4>)
 80005e2:	60cd      	str	r5, [r1, #12]
 80005e4:	f043 0301 	orr.w	r3, r3, #1
 80005e8:	6323      	str	r3, [r4, #48]	@ 0x30
 80005ea:	6b23      	ldr	r3, [r4, #48]	@ 0x30
 80005ec:	608e      	str	r6, [r1, #8]
 80005ee:	f003 0301 	and.w	r3, r3, #1
 80005f2:	9308      	str	r3, [sp, #32]
 80005f4:	2320      	movs	r3, #32
 80005f6:	e9c1 3600 	strd	r3, r6, [r1]
 80005fa:	9a08      	ldr	r2, [sp, #32]
 80005fc:	4c08      	ldr	r4, [pc, #32]	@ (8000620 <main+0xc4>)
 80005fe:	f000 f917 	bl	8000830 <HAL_GPIO_Init>
 8000602:	4620      	mov	r0, r4
 8000604:	2120      	movs	r1, #32
 8000606:	f000 fa03 	bl	8000a10 <HAL_GPIO_TogglePin>
 800060a:	2064      	movs	r0, #100	@ 0x64
 800060c:	f000 f896 	bl	800073c <HAL_Delay>
 8000610:	e7f7      	b.n	8000602 <main+0xa6>
 8000612:	e7fe      	b.n	8000612 <main+0xb6>
 8000614:	40023800 	.word	0x40023800
 8000618:	40007000 	.word	0x40007000
 800061c:	20000028 	.word	0x20000028
 8000620:	40020000 	.word	0x40020000

08000624 <NMI_Handler>:
 8000624:	4770      	bx	lr
 8000626:	bf00      	nop

08000628 <HardFault_Handler>:
 8000628:	e7fe      	b.n	8000628 <HardFault_Handler>
 800062a:	bf00      	nop

0800062c <MemManage_Handler>:
 800062c:	e7fe      	b.n	800062c <MemManage_Handler>
 800062e:	bf00      	nop

08000630 <BusFault_Handler>:
 8000630:	e7fe      	b.n	8000630 <BusFault_Handler>
 8000632:	bf00      	nop

08000634 <UsageFault_Handler>:
 8000634:	e7fe      	b.n	8000634 <UsageFault_Handler>
 8000636:	bf00      	nop

08000638 <SVC_Handler>:
 8000638:	4770      	bx	lr
 800063a:	bf00      	nop

0800063c <DebugMon_Handler>:
 800063c:	4770      	bx	lr
 800063e:	bf00      	nop

08000640 <PendSV_Handler>:
 8000640:	4770      	bx	lr
 8000642:	bf00      	nop

08000644 <SysTick_Handler>:
 8000644:	f000 b868 	b.w	8000718 <HAL_IncTick>

08000648 <SystemInit>:
 8000648:	4910      	ldr	r1, [pc, #64]	@ (800068c <SystemInit+0x44>)
 800064a:	4b11      	ldr	r3, [pc, #68]	@ (8000690 <SystemInit+0x48>)
 800064c:	f8d1 2088 	ldr.w	r2, [r1, #136]	@ 0x88
 8000650:	f442 0270 	orr.w	r2, r2, #15728640	@ 0xf00000
 8000654:	b410      	push	{r4}
 8000656:	f8c1 2088 	str.w	r2, [r1, #136]	@ 0x88
 800065a:	681a      	ldr	r2, [r3, #0]
 800065c:	4c0d      	ldr	r4, [pc, #52]	@ (8000694 <SystemInit+0x4c>)
 800065e:	2000      	movs	r0, #0
 8000660:	f042 0201 	orr.w	r2, r2, #1
 8000664:	601a      	str	r2, [r3, #0]
 8000666:	6098      	str	r0, [r3, #8]
 8000668:	681a      	ldr	r2, [r3, #0]
 800066a:	f022 7284 	bic.w	r2, r2, #17301504	@ 0x1080000
 800066e:	f422 3280 	bic.w	r2, r2, #65536	@ 0x10000
 8000672:	601a      	str	r2, [r3, #0]
 8000674:	605c      	str	r4, [r3, #4]
 8000676:	681a      	ldr	r2, [r3, #0]
 8000678:	f04f 6400 	mov.w	r4, #134217728	@ 0x8000000
 800067c:	f422 2280 	bic.w	r2, r2, #262144	@ 0x40000
 8000680:	601a      	str	r2, [r3, #0]
 8000682:	60d8      	str	r0, [r3, #12]
 8000684:	608c      	str	r4, [r1, #8]
 8000686:	f85d 4b04 	ldr.w	r4, [sp], #4
 800068a:	4770      	bx	lr
 800068c:	e000ed00 	.word	0xe000ed00
 8000690:	40023800 	.word	0x40023800
 8000694:	24003010 	.word	0x24003010

08000698 <HAL_MspInit>:
 8000698:	4770      	bx	lr
 800069a:	bf00      	nop

0800069c <HAL_InitTick>:
 800069c:	b538      	push	{r3, r4, r5, lr}
 800069e:	4a0e      	ldr	r2, [pc, #56]	@ (80006d8 <HAL_InitTick+0x3c>)
 80006a0:	4b0e      	ldr	r3, [pc, #56]	@ (80006dc <HAL_InitTick+0x40>)
 80006a2:	7812      	ldrb	r2, [r2, #0]
 80006a4:	4605      	mov	r5, r0
 80006a6:	6818      	ldr	r0, [r3, #0]
 80006a8:	f44f 737a 	mov.w	r3, #1000	@ 0x3e8
 80006ac:	fbb3 f3f2 	udiv	r3, r3, r2
 80006b0:	fbb0 f0f3 	udiv	r0, r0, r3
 80006b4:	f000 f8a2 	bl	80007fc <HAL_SYSTICK_Config>
 80006b8:	b908      	cbnz	r0, 80006be <HAL_InitTick+0x22>
 80006ba:	2d0f      	cmp	r5, #15
 80006bc:	d901      	bls.n	80006c2 <HAL_InitTick+0x26>
 80006be:	2001      	movs	r0, #1
 80006c0:	bd38      	pop	{r3, r4, r5, pc}
 80006c2:	4604      	mov	r4, r0
 80006c4:	4602      	mov	r2, r0
 80006c6:	4629      	mov	r1, r5
 80006c8:	f04f 30ff 	mov.w	r0, #4294967295	@ 0xffffffff
 80006cc:	f000 f85a 	bl	8000784 <HAL_NVIC_SetPriority>
 80006d0:	4b03      	ldr	r3, [pc, #12]	@ (80006e0 <HAL_InitTick+0x44>)
 80006d2:	4620      	mov	r0, r4
 80006d4:	601d      	str	r5, [r3, #0]
 80006d6:	bd38      	pop	{r3, r4, r5, pc}
 80006d8:	20000004 	.word	0x20000004
 80006dc:	20000000 	.word	0x20000000
 80006e0:	20000008 	.word	0x20000008

080006e4 <HAL_Init>:
 80006e4:	b508      	push	{r3, lr}
 80006e6:	4b0b      	ldr	r3, [pc, #44]	@ (8000714 <HAL_Init+0x30>)
 80006e8:	681a      	ldr	r2, [r3, #0]
 80006ea:	f442 7200 	orr.w	r2, r2, #512	@ 0x200
 80006ee:	601a      	str	r2, [r3, #0]
 80006f0:	681a      	ldr	r2, [r3, #0]
 80006f2:	f442 6280 	orr.w	r2, r2, #1024	@ 0x400
 80006f6:	601a      	str	r2, [r3, #0]
 80006f8:	681a      	ldr	r2, [r3, #0]
 80006fa:	f442 7280 	orr.w	r2, r2, #256	@ 0x100
 80006fe:	601a      	str	r2, [r3, #0]
 8000700:	2003      	movs	r0, #3
 8000702:	f000 f82d 	bl	8000760 <HAL_NVIC_SetPriorityGrouping>
 8000706:	200f      	movs	r0, #15
 8000708:	f7ff ffc8 	bl	800069c <HAL_InitTick>
 800070c:	f7ff ffc4 	bl	8000698 <HAL_MspInit>
 8000710:	2000      	movs	r0, #0
 8000712:	bd08      	pop	{r3, pc}
 8000714:	40023c00 	.word	0x40023c00

08000718 <HAL_IncTick>:
 8000718:	4a03      	ldr	r2, [pc, #12]	@ (8000728 <HAL_IncTick+0x10>)
 800071a:	4b04      	ldr	r3, [pc, #16]	@ (800072c <HAL_IncTick+0x14>)
 800071c:	6811      	ldr	r1, [r2, #0]
 800071e:	781b      	ldrb	r3, [r3, #0]
 8000720:	440b      	add	r3, r1
 8000722:	6013      	str	r3, [r2, #0]
 8000724:	4770      	bx	lr
 8000726:	bf00      	nop
 8000728:	2000003c 	.word	0x2000003c
 800072c:	20000004 	.word	0x20000004

08000730 <HAL_GetTick>:
 8000730:	4b01      	ldr	r3, [pc, #4]	@ (8000738 <HAL_GetTick+0x8>)
 8000732:	6818      	ldr	r0, [r3, #0]
 8000734:	4770      	bx	lr
 8000736:	bf00      	nop
 8000738:	2000003c 	.word	0x2000003c

0800073c <HAL_Delay>:
 800073c:	b538      	push	{r3, r4, r5, lr}
 800073e:	4604      	mov	r4, r0
 8000740:	f7ff fff6 	bl	8000730 <HAL_GetTick>
 8000744:	1c63      	adds	r3, r4, #1
 8000746:	4605      	mov	r5, r0
 8000748:	d002      	beq.n	8000750 <HAL_Delay+0x14>
 800074a:	4b04      	ldr	r3, [pc, #16]	@ (800075c <HAL_Delay+0x20>)
 800074c:	781b      	ldrb	r3, [r3, #0]
 800074e:	441c      	add	r4, r3
 8000750:	f7ff ffee 	bl	8000730 <HAL_GetTick>
 8000754:	1b40      	subs	r0, r0, r5
 8000756:	42a0      	cmp	r0, r4
 8000758:	d3fa      	bcc.n	8000750 <HAL_Delay+0x14>
 800075a:	bd38      	pop	{r3, r4, r5, pc}
 800075c:	20000004 	.word	0x20000004

08000760 <HAL_NVIC_SetPriorityGrouping>:
 8000760:	4907      	ldr	r1, [pc, #28]	@ (8000780 <HAL_NVIC_SetPriorityGrouping+0x20>)
 8000762:	68ca      	ldr	r2, [r1, #12]
 8000764:	0203      	lsls	r3, r0, #8
 8000766:	f64f 00ff 	movw	r0, #63743	@ 0xf8ff
 800076a:	f403 63e0 	and.w	r3, r3, #1792	@ 0x700
 800076e:	4002      	ands	r2, r0
 8000770:	4313      	orrs	r3, r2
 8000772:	f043 63bf 	orr.w	r3, r3, #100139008	@ 0x5f80000
 8000776:	f443 3300 	orr.w	r3, r3, #131072	@ 0x20000
 800077a:	60cb      	str	r3, [r1, #12]
 800077c:	4770      	bx	lr
 800077e:	bf00      	nop
 8000780:	e000ed00 	.word	0xe000ed00

08000784 <HAL_NVIC_SetPriority>:
 8000784:	4b1b      	ldr	r3, [pc, #108]	@ (80007f4 <HAL_NVIC_SetPriority+0x70>)
 8000786:	68db      	ldr	r3, [r3, #12]
 8000788:	f3c3 2302 	ubfx	r3, r3, #8, #3
 800078c:	b500      	push	{lr}
 800078e:	f1c3 0e07 	rsb	lr, r3, #7
 8000792:	f1be 0f04 	cmp.w	lr, #4
 8000796:	f103 0c04 	add.w	ip, r3, #4
 800079a:	bf28      	it	cs
 800079c:	f04f 0e04 	movcs.w	lr, #4
 80007a0:	f1bc 0f06 	cmp.w	ip, #6
 80007a4:	d91c      	bls.n	80007e0 <HAL_NVIC_SetPriority+0x5c>
 80007a6:	f1a3 0c03 	sub.w	ip, r3, #3
 80007aa:	f04f 33ff 	mov.w	r3, #4294967295	@ 0xffffffff
 80007ae:	fa03 f30c 	lsl.w	r3, r3, ip
 80007b2:	ea22 0203 	bic.w	r2, r2, r3
 80007b6:	f04f 33ff 	mov.w	r3, #4294967295	@ 0xffffffff
 80007ba:	fa03 f30e 	lsl.w	r3, r3, lr
 80007be:	ea21 0303 	bic.w	r3, r1, r3
 80007c2:	fa03 f30c 	lsl.w	r3, r3, ip
 80007c6:	4313      	orrs	r3, r2
 80007c8:	011b      	lsls	r3, r3, #4
 80007ca:	2800      	cmp	r0, #0
 80007cc:	b2db      	uxtb	r3, r3
 80007ce:	db0a      	blt.n	80007e6 <HAL_NVIC_SetPriority+0x62>
 80007d0:	f100 4060 	add.w	r0, r0, #3758096384	@ 0xe0000000
 80007d4:	f500 4061 	add.w	r0, r0, #57600	@ 0xe100
 80007d8:	f880 3300 	strb.w	r3, [r0, #768]	@ 0x300
 80007dc:	f85d fb04 	ldr.w	pc, [sp], #4
 80007e0:	2200      	movs	r2, #0
 80007e2:	4694      	mov	ip, r2
 80007e4:	e7e7      	b.n	80007b6 <HAL_NVIC_SetPriority+0x32>
 80007e6:	4a04      	ldr	r2, [pc, #16]	@ (80007f8 <HAL_NVIC_SetPriority+0x74>)
 80007e8:	f000 000f 	and.w	r0, r0, #15
 80007ec:	4402      	add	r2, r0
 80007ee:	7613      	strb	r3, [r2, #24]
 80007f0:	f85d fb04 	ldr.w	pc, [sp], #4
 80007f4:	e000ed00 	.word	0xe000ed00
 80007f8:	e000ecfc 	.word	0xe000ecfc

080007fc <HAL_SYSTICK_Config>:
 80007fc:	3801      	subs	r0, #1
 80007fe:	f1b0 7f80 	cmp.w	r0, #16777216	@ 0x1000000
 8000802:	d301      	bcc.n	8000808 <HAL_SYSTICK_Config+0xc>
 8000804:	2001      	movs	r0, #1
 8000806:	4770      	bx	lr
 8000808:	b410      	push	{r4}
 800080a:	f04f 23e0 	mov.w	r3, #3758153728	@ 0xe000e000
 800080e:	4c07      	ldr	r4, [pc, #28]	@ (800082c <HAL_SYSTICK_Config+0x30>)
 8000810:	6158      	str	r0, [r3, #20]
 8000812:	f04f 0cf0 	mov.w	ip, #240	@ 0xf0
 8000816:	f884 c023 	strb.w	ip, [r4, #35]	@ 0x23
 800081a:	2200      	movs	r2, #0
 800081c:	2107      	movs	r1, #7
 800081e:	4610      	mov	r0, r2
 8000820:	619a      	str	r2, [r3, #24]
 8000822:	f85d 4b04 	ldr.w	r4, [sp], #4
 8000826:	6119      	str	r1, [r3, #16]
 8000828:	4770      	bx	lr
 800082a:	bf00      	nop
 800082c:	e000ed00 	.word	0xe000ed00

08000830 <HAL_GPIO_Init>:
 8000830:	e92d 4ff0 	stmdb	sp!, {r4, r5, r6, r7, r8, r9, sl, fp, lr}
 8000834:	2300      	movs	r3, #0
 8000836:	680c      	ldr	r4, [r1, #0]
 8000838:	f8df a1c8 	ldr.w	sl, [pc, #456]	@ 8000a04 <HAL_GPIO_Init+0x1d4>
 800083c:	b085      	sub	sp, #20
 800083e:	f04f 0b01 	mov.w	fp, #1
 8000842:	4689      	mov	r9, r1
 8000844:	e002      	b.n	800084c <HAL_GPIO_Init+0x1c>
 8000846:	3301      	adds	r3, #1
 8000848:	2b10      	cmp	r3, #16
 800084a:	d07d      	beq.n	8000948 <HAL_GPIO_Init+0x118>
 800084c:	fa0b f203 	lsl.w	r2, fp, r3
 8000850:	ea02 0804 	and.w	r8, r2, r4
 8000854:	43a2      	bics	r2, r4
 8000856:	d1f6      	bne.n	8000846 <HAL_GPIO_Init+0x16>
 8000858:	f8d9 1004 	ldr.w	r1, [r9, #4]
 800085c:	f001 0c03 	and.w	ip, r1, #3
 8000860:	005a      	lsls	r2, r3, #1
 8000862:	2503      	movs	r5, #3
 8000864:	f10c 36ff 	add.w	r6, ip, #4294967295	@ 0xffffffff
 8000868:	4095      	lsls	r5, r2
 800086a:	2e01      	cmp	r6, #1
 800086c:	ea6f 0505 	mvn.w	r5, r5
 8000870:	d96d      	bls.n	800094e <HAL_GPIO_Init+0x11e>
 8000872:	f1bc 0f03 	cmp.w	ip, #3
 8000876:	f040 80b4 	bne.w	80009e2 <HAL_GPIO_Init+0x1b2>
 800087a:	6806      	ldr	r6, [r0, #0]
 800087c:	fa0c f202 	lsl.w	r2, ip, r2
 8000880:	4035      	ands	r5, r6
 8000882:	432a      	orrs	r2, r5
 8000884:	f411 3f40 	tst.w	r1, #196608	@ 0x30000
 8000888:	6002      	str	r2, [r0, #0]
 800088a:	d0dc      	beq.n	8000846 <HAL_GPIO_Init+0x16>
 800088c:	2200      	movs	r2, #0
 800088e:	9203      	str	r2, [sp, #12]
 8000890:	f8da 2044 	ldr.w	r2, [sl, #68]	@ 0x44
 8000894:	f442 4280 	orr.w	r2, r2, #16384	@ 0x4000
 8000898:	f8ca 2044 	str.w	r2, [sl, #68]	@ 0x44
 800089c:	f8da 2044 	ldr.w	r2, [sl, #68]	@ 0x44
 80008a0:	f402 4280 	and.w	r2, r2, #16384	@ 0x4000
 80008a4:	9203      	str	r2, [sp, #12]
 80008a6:	9a03      	ldr	r2, [sp, #12]
 80008a8:	f023 0203 	bic.w	r2, r3, #3
 80008ac:	f102 4280 	add.w	r2, r2, #1073741824	@ 0x40000000
 80008b0:	f003 0603 	and.w	r6, r3, #3
 80008b4:	270f      	movs	r7, #15
 80008b6:	f502 329c 	add.w	r2, r2, #79872	@ 0x13800
 80008ba:	00b6      	lsls	r6, r6, #2
 80008bc:	fa07 fc06 	lsl.w	ip, r7, r6
 80008c0:	4f4d      	ldr	r7, [pc, #308]	@ (80009f8 <HAL_GPIO_Init+0x1c8>)
 80008c2:	6895      	ldr	r5, [r2, #8]
 80008c4:	42b8      	cmp	r0, r7
 80008c6:	ea25 050c 	bic.w	r5, r5, ip
 80008ca:	d015      	beq.n	80008f8 <HAL_GPIO_Init+0xc8>
 80008cc:	f507 6780 	add.w	r7, r7, #1024	@ 0x400
 80008d0:	42b8      	cmp	r0, r7
 80008d2:	d074      	beq.n	80009be <HAL_GPIO_Init+0x18e>
 80008d4:	4f49      	ldr	r7, [pc, #292]	@ (80009fc <HAL_GPIO_Init+0x1cc>)
 80008d6:	42b8      	cmp	r0, r7
 80008d8:	d077      	beq.n	80009ca <HAL_GPIO_Init+0x19a>
 80008da:	f8df c12c 	ldr.w	ip, [pc, #300]	@ 8000a08 <HAL_GPIO_Init+0x1d8>
 80008de:	4560      	cmp	r0, ip
 80008e0:	d079      	beq.n	80009d6 <HAL_GPIO_Init+0x1a6>
 80008e2:	f8df c128 	ldr.w	ip, [pc, #296]	@ 8000a0c <HAL_GPIO_Init+0x1dc>
 80008e6:	4560      	cmp	r0, ip
 80008e8:	bf0c      	ite	eq
 80008ea:	f04f 0c04 	moveq.w	ip, #4
 80008ee:	f04f 0c07 	movne.w	ip, #7
 80008f2:	fa0c f606 	lsl.w	r6, ip, r6
 80008f6:	4335      	orrs	r5, r6
 80008f8:	6095      	str	r5, [r2, #8]
 80008fa:	4a41      	ldr	r2, [pc, #260]	@ (8000a00 <HAL_GPIO_Init+0x1d0>)
 80008fc:	6892      	ldr	r2, [r2, #8]
 80008fe:	02ce      	lsls	r6, r1, #11
 8000900:	ea6f 0508 	mvn.w	r5, r8
 8000904:	4e3e      	ldr	r6, [pc, #248]	@ (8000a00 <HAL_GPIO_Init+0x1d0>)
 8000906:	bf54      	ite	pl
 8000908:	402a      	andpl	r2, r5
 800090a:	ea48 0202 	orrmi.w	r2, r8, r2
 800090e:	60b2      	str	r2, [r6, #8]
 8000910:	68f2      	ldr	r2, [r6, #12]
 8000912:	4e3b      	ldr	r6, [pc, #236]	@ (8000a00 <HAL_GPIO_Init+0x1d0>)
 8000914:	028f      	lsls	r7, r1, #10
 8000916:	bf54      	ite	pl
 8000918:	402a      	andpl	r2, r5
 800091a:	ea48 0202 	orrmi.w	r2, r8, r2
 800091e:	60f2      	str	r2, [r6, #12]
 8000920:	6872      	ldr	r2, [r6, #4]
 8000922:	038e      	lsls	r6, r1, #14
 8000924:	4e36      	ldr	r6, [pc, #216]	@ (8000a00 <HAL_GPIO_Init+0x1d0>)
 8000926:	bf54      	ite	pl
 8000928:	402a      	andpl	r2, r5
 800092a:	ea48 0202 	orrmi.w	r2, r8, r2
 800092e:	6072      	str	r2, [r6, #4]
 8000930:	6832      	ldr	r2, [r6, #0]
 8000932:	03c9      	lsls	r1, r1, #15
 8000934:	f103 0301 	add.w	r3, r3, #1
 8000938:	4931      	ldr	r1, [pc, #196]	@ (8000a00 <HAL_GPIO_Init+0x1d0>)
 800093a:	bf54      	ite	pl
 800093c:	402a      	andpl	r2, r5
 800093e:	ea48 0202 	orrmi.w	r2, r8, r2
 8000942:	2b10      	cmp	r3, #16
 8000944:	600a      	str	r2, [r1, #0]
 8000946:	d181      	bne.n	800084c <HAL_GPIO_Init+0x1c>
 8000948:	b005      	add	sp, #20
 800094a:	e8bd 8ff0 	ldmia.w	sp!, {r4, r5, r6, r7, r8, r9, sl, fp, pc}
 800094e:	6886      	ldr	r6, [r0, #8]
 8000950:	ea06 0e05 	and.w	lr, r6, r5
 8000954:	f8d9 600c 	ldr.w	r6, [r9, #12]
 8000958:	4096      	lsls	r6, r2
 800095a:	ea46 060e 	orr.w	r6, r6, lr
 800095e:	6086      	str	r6, [r0, #8]
 8000960:	6846      	ldr	r6, [r0, #4]
 8000962:	ea26 0e08 	bic.w	lr, r6, r8
 8000966:	f3c1 1600 	ubfx	r6, r1, #4, #1
 800096a:	409e      	lsls	r6, r3
 800096c:	ea46 060e 	orr.w	r6, r6, lr
 8000970:	6046      	str	r6, [r0, #4]
 8000972:	68c6      	ldr	r6, [r0, #12]
 8000974:	ea06 0e05 	and.w	lr, r6, r5
 8000978:	f8d9 6008 	ldr.w	r6, [r9, #8]
 800097c:	4096      	lsls	r6, r2
 800097e:	ea46 060e 	orr.w	r6, r6, lr
 8000982:	f1bc 0f02 	cmp.w	ip, #2
 8000986:	60c6      	str	r6, [r0, #12]
 8000988:	f47f af77 	bne.w	800087a <HAL_GPIO_Init+0x4a>
 800098c:	08de      	lsrs	r6, r3, #3
 800098e:	eb00 0686 	add.w	r6, r0, r6, lsl #2
 8000992:	9601      	str	r6, [sp, #4]
 8000994:	6a37      	ldr	r7, [r6, #32]
 8000996:	f8d9 6010 	ldr.w	r6, [r9, #16]
 800099a:	9700      	str	r7, [sp, #0]
 800099c:	f003 0e07 	and.w	lr, r3, #7
 80009a0:	ea4f 0e8e 	mov.w	lr, lr, lsl #2
 80009a4:	270f      	movs	r7, #15
 80009a6:	fa06 f60e 	lsl.w	r6, r6, lr
 80009aa:	fa07 fe0e 	lsl.w	lr, r7, lr
 80009ae:	9f00      	ldr	r7, [sp, #0]
 80009b0:	ea27 0e0e 	bic.w	lr, r7, lr
 80009b4:	9f01      	ldr	r7, [sp, #4]
 80009b6:	ea46 060e 	orr.w	r6, r6, lr
 80009ba:	623e      	str	r6, [r7, #32]
 80009bc:	e75d      	b.n	800087a <HAL_GPIO_Init+0x4a>
 80009be:	f04f 0c01 	mov.w	ip, #1
 80009c2:	fa0c f606 	lsl.w	r6, ip, r6
 80009c6:	4335      	orrs	r5, r6
 80009c8:	e796      	b.n	80008f8 <HAL_GPIO_Init+0xc8>
 80009ca:	f04f 0c02 	mov.w	ip, #2
 80009ce:	fa0c f606 	lsl.w	r6, ip, r6
 80009d2:	4335      	orrs	r5, r6
 80009d4:	e790      	b.n	80008f8 <HAL_GPIO_Init+0xc8>
 80009d6:	f04f 0c03 	mov.w	ip, #3
 80009da:	fa0c f606 	lsl.w	r6, ip, r6
 80009de:	4335      	orrs	r5, r6
 80009e0:	e78a      	b.n	80008f8 <HAL_GPIO_Init+0xc8>
 80009e2:	68c6      	ldr	r6, [r0, #12]
 80009e4:	ea06 0e05 	and.w	lr, r6, r5
 80009e8:	f8d9 6008 	ldr.w	r6, [r9, #8]
 80009ec:	4096      	lsls	r6, r2
 80009ee:	ea46 060e 	orr.w	r6, r6, lr
 80009f2:	60c6      	str	r6, [r0, #12]
 80009f4:	e741      	b.n	800087a <HAL_GPIO_Init+0x4a>
 80009f6:	bf00      	nop
 80009f8:	40020000 	.word	0x40020000
 80009fc:	40020800 	.word	0x40020800
 8000a00:	40013c00 	.word	0x40013c00
 8000a04:	40023800 	.word	0x40023800
 8000a08:	40020c00 	.word	0x40020c00
 8000a0c:	40021000 	.word	0x40021000

08000a10 <HAL_GPIO_TogglePin>:
 8000a10:	6943      	ldr	r3, [r0, #20]
 8000a12:	ea01 0203 	and.w	r2, r1, r3
 8000a16:	ea21 0103 	bic.w	r1, r1, r3
 8000a1a:	ea41 4102 	orr.w	r1, r1, r2, lsl #16
 8000a1e:	6181      	str	r1, [r0, #24]
 8000a20:	4770      	bx	lr
 8000a22:	bf00      	nop

08000a24 <HAL_RCC_OscConfig>:
 8000a24:	2800      	cmp	r0, #0
 8000a26:	f000 81d8 	beq.w	8000dda <HAL_RCC_OscConfig+0x3b6>
 8000a2a:	e92d 41f0 	stmdb	sp!, {r4, r5, r6, r7, r8, lr}
 8000a2e:	6803      	ldr	r3, [r0, #0]
 8000a30:	07dd      	lsls	r5, r3, #31
 8000a32:	b082      	sub	sp, #8
 8000a34:	4604      	mov	r4, r0
 8000a36:	d52f      	bpl.n	8000a98 <HAL_RCC_OscConfig+0x74>
 8000a38:	499d      	ldr	r1, [pc, #628]	@ (8000cb0 <HAL_RCC_OscConfig+0x28c>)
 8000a3a:	688a      	ldr	r2, [r1, #8]
 8000a3c:	f002 020c 	and.w	r2, r2, #12
 8000a40:	2a04      	cmp	r2, #4
 8000a42:	f000 80ec 	beq.w	8000c1e <HAL_RCC_OscConfig+0x1fa>
 8000a46:	688a      	ldr	r2, [r1, #8]
 8000a48:	f002 020c 	and.w	r2, r2, #12
 8000a4c:	2a08      	cmp	r2, #8
 8000a4e:	f000 80e2 	beq.w	8000c16 <HAL_RCC_OscConfig+0x1f2>
 8000a52:	6863      	ldr	r3, [r4, #4]
 8000a54:	f5b3 3f80 	cmp.w	r3, #65536	@ 0x10000
 8000a58:	f000 80eb 	beq.w	8000c32 <HAL_RCC_OscConfig+0x20e>
 8000a5c:	f5b3 2fa0 	cmp.w	r3, #327680	@ 0x50000
 8000a60:	f000 8173 	beq.w	8000d4a <HAL_RCC_OscConfig+0x326>
 8000a64:	4d92      	ldr	r5, [pc, #584]	@ (8000cb0 <HAL_RCC_OscConfig+0x28c>)
 8000a66:	682a      	ldr	r2, [r5, #0]
 8000a68:	f422 3280 	bic.w	r2, r2, #65536	@ 0x10000
 8000a6c:	602a      	str	r2, [r5, #0]
 8000a6e:	682a      	ldr	r2, [r5, #0]
 8000a70:	f422 2280 	bic.w	r2, r2, #262144	@ 0x40000
 8000a74:	602a      	str	r2, [r5, #0]
 8000a76:	2b00      	cmp	r3, #0
 8000a78:	f040 80e0 	bne.w	8000c3c <HAL_RCC_OscConfig+0x218>
 8000a7c:	f7ff fe58 	bl	8000730 <HAL_GetTick>
 8000a80:	4606      	mov	r6, r0
 8000a82:	e005      	b.n	8000a90 <HAL_RCC_OscConfig+0x6c>
 8000a84:	f7ff fe54 	bl	8000730 <HAL_GetTick>
 8000a88:	1b80      	subs	r0, r0, r6
 8000a8a:	2864      	cmp	r0, #100	@ 0x64
 8000a8c:	f200 8100 	bhi.w	8000c90 <HAL_RCC_OscConfig+0x26c>
 8000a90:	682b      	ldr	r3, [r5, #0]
 8000a92:	039f      	lsls	r7, r3, #14
 8000a94:	d4f6      	bmi.n	8000a84 <HAL_RCC_OscConfig+0x60>
 8000a96:	6823      	ldr	r3, [r4, #0]
 8000a98:	079d      	lsls	r5, r3, #30
 8000a9a:	d528      	bpl.n	8000aee <HAL_RCC_OscConfig+0xca>
 8000a9c:	4a84      	ldr	r2, [pc, #528]	@ (8000cb0 <HAL_RCC_OscConfig+0x28c>)
 8000a9e:	6891      	ldr	r1, [r2, #8]
 8000aa0:	f011 0f0c 	tst.w	r1, #12
 8000aa4:	f000 809b 	beq.w	8000bde <HAL_RCC_OscConfig+0x1ba>
 8000aa8:	6891      	ldr	r1, [r2, #8]
 8000aaa:	f001 010c 	and.w	r1, r1, #12
 8000aae:	2908      	cmp	r1, #8
 8000ab0:	f000 8091 	beq.w	8000bd6 <HAL_RCC_OscConfig+0x1b2>
 8000ab4:	68e3      	ldr	r3, [r4, #12]
 8000ab6:	2b00      	cmp	r3, #0
 8000ab8:	f000 810c 	beq.w	8000cd4 <HAL_RCC_OscConfig+0x2b0>
 8000abc:	4b7d      	ldr	r3, [pc, #500]	@ (8000cb4 <HAL_RCC_OscConfig+0x290>)
 8000abe:	4e7c      	ldr	r6, [pc, #496]	@ (8000cb0 <HAL_RCC_OscConfig+0x28c>)
 8000ac0:	2201      	movs	r2, #1
 8000ac2:	601a      	str	r2, [r3, #0]
 8000ac4:	f7ff fe34 	bl	8000730 <HAL_GetTick>
 8000ac8:	4605      	mov	r5, r0
 8000aca:	e005      	b.n	8000ad8 <HAL_RCC_OscConfig+0xb4>
 8000acc:	f7ff fe30 	bl	8000730 <HAL_GetTick>
 8000ad0:	1b40      	subs	r0, r0, r5
 8000ad2:	2802      	cmp	r0, #2
 8000ad4:	f200 80dc 	bhi.w	8000c90 <HAL_RCC_OscConfig+0x26c>
 8000ad8:	6833      	ldr	r3, [r6, #0]
 8000ada:	079f      	lsls	r7, r3, #30
 8000adc:	d5f6      	bpl.n	8000acc <HAL_RCC_OscConfig+0xa8>
 8000ade:	6833      	ldr	r3, [r6, #0]
 8000ae0:	6922      	ldr	r2, [r4, #16]
 8000ae2:	f023 03f8 	bic.w	r3, r3, #248	@ 0xf8
 8000ae6:	ea43 03c2 	orr.w	r3, r3, r2, lsl #3
 8000aea:	6033      	str	r3, [r6, #0]
 8000aec:	6823      	ldr	r3, [r4, #0]
 8000aee:	071a      	lsls	r2, r3, #28
 8000af0:	d45c      	bmi.n	8000bac <HAL_RCC_OscConfig+0x188>
 8000af2:	075d      	lsls	r5, r3, #29
 8000af4:	d53a      	bpl.n	8000b6c <HAL_RCC_OscConfig+0x148>
 8000af6:	4a6e      	ldr	r2, [pc, #440]	@ (8000cb0 <HAL_RCC_OscConfig+0x28c>)
 8000af8:	6c13      	ldr	r3, [r2, #64]	@ 0x40
 8000afa:	f013 5380 	ands.w	r3, r3, #268435456	@ 0x10000000
 8000afe:	f040 8088 	bne.w	8000c12 <HAL_RCC_OscConfig+0x1ee>
 8000b02:	9301      	str	r3, [sp, #4]
 8000b04:	6c13      	ldr	r3, [r2, #64]	@ 0x40
 8000b06:	f043 5380 	orr.w	r3, r3, #268435456	@ 0x10000000
 8000b0a:	6413      	str	r3, [r2, #64]	@ 0x40
 8000b0c:	6c13      	ldr	r3, [r2, #64]	@ 0x40
 8000b0e:	f003 5380 	and.w	r3, r3, #268435456	@ 0x10000000
 8000b12:	9301      	str	r3, [sp, #4]
 8000b14:	9b01      	ldr	r3, [sp, #4]
 8000b16:	2501      	movs	r5, #1
 8000b18:	4e67      	ldr	r6, [pc, #412]	@ (8000cb8 <HAL_RCC_OscConfig+0x294>)
 8000b1a:	6833      	ldr	r3, [r6, #0]
 8000b1c:	05d8      	lsls	r0, r3, #23
 8000b1e:	f140 80a7 	bpl.w	8000c70 <HAL_RCC_OscConfig+0x24c>
 8000b22:	68a3      	ldr	r3, [r4, #8]
 8000b24:	2b01      	cmp	r3, #1
 8000b26:	f000 80b7 	beq.w	8000c98 <HAL_RCC_OscConfig+0x274>
 8000b2a:	2b05      	cmp	r3, #5
 8000b2c:	f000 811d 	beq.w	8000d6a <HAL_RCC_OscConfig+0x346>
 8000b30:	4e5f      	ldr	r6, [pc, #380]	@ (8000cb0 <HAL_RCC_OscConfig+0x28c>)
 8000b32:	6f32      	ldr	r2, [r6, #112]	@ 0x70
 8000b34:	f022 0201 	bic.w	r2, r2, #1
 8000b38:	6732      	str	r2, [r6, #112]	@ 0x70
 8000b3a:	6f32      	ldr	r2, [r6, #112]	@ 0x70
 8000b3c:	f022 0204 	bic.w	r2, r2, #4
 8000b40:	6732      	str	r2, [r6, #112]	@ 0x70
 8000b42:	2b00      	cmp	r3, #0
 8000b44:	f040 80ad 	bne.w	8000ca2 <HAL_RCC_OscConfig+0x27e>
 8000b48:	f7ff fdf2 	bl	8000730 <HAL_GetTick>
 8000b4c:	f241 3888 	movw	r8, #5000	@ 0x1388
 8000b50:	4607      	mov	r7, r0
 8000b52:	e005      	b.n	8000b60 <HAL_RCC_OscConfig+0x13c>
 8000b54:	f7ff fdec 	bl	8000730 <HAL_GetTick>
 8000b58:	1bc0      	subs	r0, r0, r7
 8000b5a:	4540      	cmp	r0, r8
 8000b5c:	f200 8098 	bhi.w	8000c90 <HAL_RCC_OscConfig+0x26c>
 8000b60:	6f33      	ldr	r3, [r6, #112]	@ 0x70
 8000b62:	079b      	lsls	r3, r3, #30
 8000b64:	d4f6      	bmi.n	8000b54 <HAL_RCC_OscConfig+0x130>
 8000b66:	2d00      	cmp	r5, #0
 8000b68:	f040 80f9 	bne.w	8000d5e <HAL_RCC_OscConfig+0x33a>
 8000b6c:	69a3      	ldr	r3, [r4, #24]
 8000b6e:	b1cb      	cbz	r3, 8000ba4 <HAL_RCC_OscConfig+0x180>
 8000b70:	4d4f      	ldr	r5, [pc, #316]	@ (8000cb0 <HAL_RCC_OscConfig+0x28c>)
 8000b72:	68aa      	ldr	r2, [r5, #8]
 8000b74:	f002 020c 	and.w	r2, r2, #12
 8000b78:	2a08      	cmp	r2, #8
 8000b7a:	f000 80bc 	beq.w	8000cf6 <HAL_RCC_OscConfig+0x2d2>
 8000b7e:	2b02      	cmp	r3, #2
 8000b80:	4b4c      	ldr	r3, [pc, #304]	@ (8000cb4 <HAL_RCC_OscConfig+0x290>)
 8000b82:	f04f 0200 	mov.w	r2, #0
 8000b86:	661a      	str	r2, [r3, #96]	@ 0x60
 8000b88:	f000 80f9 	beq.w	8000d7e <HAL_RCC_OscConfig+0x35a>
 8000b8c:	f7ff fdd0 	bl	8000730 <HAL_GetTick>
 8000b90:	4604      	mov	r4, r0
 8000b92:	e004      	b.n	8000b9e <HAL_RCC_OscConfig+0x17a>
 8000b94:	f7ff fdcc 	bl	8000730 <HAL_GetTick>
 8000b98:	1b00      	subs	r0, r0, r4
 8000b9a:	2802      	cmp	r0, #2
 8000b9c:	d878      	bhi.n	8000c90 <HAL_RCC_OscConfig+0x26c>
 8000b9e:	682b      	ldr	r3, [r5, #0]
 8000ba0:	019b      	lsls	r3, r3, #6
 8000ba2:	d4f7      	bmi.n	8000b94 <HAL_RCC_OscConfig+0x170>
 8000ba4:	2000      	movs	r0, #0
 8000ba6:	b002      	add	sp, #8
 8000ba8:	e8bd 81f0 	ldmia.w	sp!, {r4, r5, r6, r7, r8, pc}
 8000bac:	6963      	ldr	r3, [r4, #20]
 8000bae:	b1fb      	cbz	r3, 8000bf0 <HAL_RCC_OscConfig+0x1cc>
 8000bb0:	4b40      	ldr	r3, [pc, #256]	@ (8000cb4 <HAL_RCC_OscConfig+0x290>)
 8000bb2:	4e3f      	ldr	r6, [pc, #252]	@ (8000cb0 <HAL_RCC_OscConfig+0x28c>)
 8000bb4:	2201      	movs	r2, #1
 8000bb6:	f8c3 2e80 	str.w	r2, [r3, #3712]	@ 0xe80
 8000bba:	f7ff fdb9 	bl	8000730 <HAL_GetTick>
 8000bbe:	4605      	mov	r5, r0
 8000bc0:	e004      	b.n	8000bcc <HAL_RCC_OscConfig+0x1a8>
 8000bc2:	f7ff fdb5 	bl	8000730 <HAL_GetTick>
 8000bc6:	1b40      	subs	r0, r0, r5
 8000bc8:	2802      	cmp	r0, #2
 8000bca:	d861      	bhi.n	8000c90 <HAL_RCC_OscConfig+0x26c>
 8000bcc:	6f73      	ldr	r3, [r6, #116]	@ 0x74
 8000bce:	079b      	lsls	r3, r3, #30
 8000bd0:	d5f7      	bpl.n	8000bc2 <HAL_RCC_OscConfig+0x19e>
 8000bd2:	6823      	ldr	r3, [r4, #0]
 8000bd4:	e78d      	b.n	8000af2 <HAL_RCC_OscConfig+0xce>
 8000bd6:	6852      	ldr	r2, [r2, #4]
 8000bd8:	0251      	lsls	r1, r2, #9
 8000bda:	f53f af6b 	bmi.w	8000ab4 <HAL_RCC_OscConfig+0x90>
 8000bde:	4a34      	ldr	r2, [pc, #208]	@ (8000cb0 <HAL_RCC_OscConfig+0x28c>)
 8000be0:	6812      	ldr	r2, [r2, #0]
 8000be2:	0792      	lsls	r2, r2, #30
 8000be4:	d538      	bpl.n	8000c58 <HAL_RCC_OscConfig+0x234>
 8000be6:	68e2      	ldr	r2, [r4, #12]
 8000be8:	2a01      	cmp	r2, #1
 8000bea:	d035      	beq.n	8000c58 <HAL_RCC_OscConfig+0x234>
 8000bec:	2001      	movs	r0, #1
 8000bee:	e7da      	b.n	8000ba6 <HAL_RCC_OscConfig+0x182>
 8000bf0:	4a30      	ldr	r2, [pc, #192]	@ (8000cb4 <HAL_RCC_OscConfig+0x290>)
 8000bf2:	4e2f      	ldr	r6, [pc, #188]	@ (8000cb0 <HAL_RCC_OscConfig+0x28c>)
 8000bf4:	f8c2 3e80 	str.w	r3, [r2, #3712]	@ 0xe80
 8000bf8:	f7ff fd9a 	bl	8000730 <HAL_GetTick>
 8000bfc:	4605      	mov	r5, r0
 8000bfe:	e004      	b.n	8000c0a <HAL_RCC_OscConfig+0x1e6>
 8000c00:	f7ff fd96 	bl	8000730 <HAL_GetTick>
 8000c04:	1b40      	subs	r0, r0, r5
 8000c06:	2802      	cmp	r0, #2
 8000c08:	d842      	bhi.n	8000c90 <HAL_RCC_OscConfig+0x26c>
 8000c0a:	6f73      	ldr	r3, [r6, #116]	@ 0x74
 8000c0c:	079f      	lsls	r7, r3, #30
 8000c0e:	d4f7      	bmi.n	8000c00 <HAL_RCC_OscConfig+0x1dc>
 8000c10:	e7df      	b.n	8000bd2 <HAL_RCC_OscConfig+0x1ae>
 8000c12:	2500      	movs	r5, #0
 8000c14:	e780      	b.n	8000b18 <HAL_RCC_OscConfig+0xf4>
 8000c16:	684a      	ldr	r2, [r1, #4]
 8000c18:	0251      	lsls	r1, r2, #9
 8000c1a:	f57f af1a 	bpl.w	8000a52 <HAL_RCC_OscConfig+0x2e>
 8000c1e:	4a24      	ldr	r2, [pc, #144]	@ (8000cb0 <HAL_RCC_OscConfig+0x28c>)
 8000c20:	6812      	ldr	r2, [r2, #0]
 8000c22:	0392      	lsls	r2, r2, #14
 8000c24:	f57f af38 	bpl.w	8000a98 <HAL_RCC_OscConfig+0x74>
 8000c28:	6862      	ldr	r2, [r4, #4]
 8000c2a:	2a00      	cmp	r2, #0
 8000c2c:	f47f af34 	bne.w	8000a98 <HAL_RCC_OscConfig+0x74>
 8000c30:	e7dc      	b.n	8000bec <HAL_RCC_OscConfig+0x1c8>
 8000c32:	4a1f      	ldr	r2, [pc, #124]	@ (8000cb0 <HAL_RCC_OscConfig+0x28c>)
 8000c34:	6813      	ldr	r3, [r2, #0]
 8000c36:	f443 3380 	orr.w	r3, r3, #65536	@ 0x10000
 8000c3a:	6013      	str	r3, [r2, #0]
 8000c3c:	f7ff fd78 	bl	8000730 <HAL_GetTick>
 8000c40:	4e1b      	ldr	r6, [pc, #108]	@ (8000cb0 <HAL_RCC_OscConfig+0x28c>)
 8000c42:	4605      	mov	r5, r0
 8000c44:	e004      	b.n	8000c50 <HAL_RCC_OscConfig+0x22c>
 8000c46:	f7ff fd73 	bl	8000730 <HAL_GetTick>
 8000c4a:	1b40      	subs	r0, r0, r5
 8000c4c:	2864      	cmp	r0, #100	@ 0x64
 8000c4e:	d81f      	bhi.n	8000c90 <HAL_RCC_OscConfig+0x26c>
 8000c50:	6833      	ldr	r3, [r6, #0]
 8000c52:	039b      	lsls	r3, r3, #14
 8000c54:	d5f7      	bpl.n	8000c46 <HAL_RCC_OscConfig+0x222>
 8000c56:	e71e      	b.n	8000a96 <HAL_RCC_OscConfig+0x72>
 8000c58:	4915      	ldr	r1, [pc, #84]	@ (8000cb0 <HAL_RCC_OscConfig+0x28c>)
 8000c5a:	6920      	ldr	r0, [r4, #16]
 8000c5c:	680a      	ldr	r2, [r1, #0]
 8000c5e:	f022 02f8 	bic.w	r2, r2, #248	@ 0xf8
 8000c62:	ea42 02c0 	orr.w	r2, r2, r0, lsl #3
 8000c66:	600a      	str	r2, [r1, #0]
 8000c68:	071a      	lsls	r2, r3, #28
 8000c6a:	f57f af42 	bpl.w	8000af2 <HAL_RCC_OscConfig+0xce>
 8000c6e:	e79d      	b.n	8000bac <HAL_RCC_OscConfig+0x188>
 8000c70:	6833      	ldr	r3, [r6, #0]
 8000c72:	f443 7380 	orr.w	r3, r3, #256	@ 0x100
 8000c76:	6033      	str	r3, [r6, #0]
 8000c78:	f7ff fd5a 	bl	8000730 <HAL_GetTick>
 8000c7c:	4607      	mov	r7, r0
 8000c7e:	6833      	ldr	r3, [r6, #0]
 8000c80:	05d9      	lsls	r1, r3, #23
 8000c82:	f53f af4e 	bmi.w	8000b22 <HAL_RCC_OscConfig+0xfe>
 8000c86:	f7ff fd53 	bl	8000730 <HAL_GetTick>
 8000c8a:	1bc0      	subs	r0, r0, r7
 8000c8c:	2802      	cmp	r0, #2
 8000c8e:	d9f6      	bls.n	8000c7e <HAL_RCC_OscConfig+0x25a>
 8000c90:	2003      	movs	r0, #3
 8000c92:	b002      	add	sp, #8
 8000c94:	e8bd 81f0 	ldmia.w	sp!, {r4, r5, r6, r7, r8, pc}
 8000c98:	4a05      	ldr	r2, [pc, #20]	@ (8000cb0 <HAL_RCC_OscConfig+0x28c>)
 8000c9a:	6f13      	ldr	r3, [r2, #112]	@ 0x70
 8000c9c:	f043 0301 	orr.w	r3, r3, #1
 8000ca0:	6713      	str	r3, [r2, #112]	@ 0x70
 8000ca2:	f7ff fd45 	bl	8000730 <HAL_GetTick>
 8000ca6:	4f02      	ldr	r7, [pc, #8]	@ (8000cb0 <HAL_RCC_OscConfig+0x28c>)
 8000ca8:	4606      	mov	r6, r0
 8000caa:	f241 3888 	movw	r8, #5000	@ 0x1388
 8000cae:	e00a      	b.n	8000cc6 <HAL_RCC_OscConfig+0x2a2>
 8000cb0:	40023800 	.word	0x40023800
 8000cb4:	42470000 	.word	0x42470000
 8000cb8:	40007000 	.word	0x40007000
 8000cbc:	f7ff fd38 	bl	8000730 <HAL_GetTick>
 8000cc0:	1b80      	subs	r0, r0, r6
 8000cc2:	4540      	cmp	r0, r8
 8000cc4:	d8e4      	bhi.n	8000c90 <HAL_RCC_OscConfig+0x26c>
 8000cc6:	6f3b      	ldr	r3, [r7, #112]	@ 0x70
 8000cc8:	079a      	lsls	r2, r3, #30
 8000cca:	d5f7      	bpl.n	8000cbc <HAL_RCC_OscConfig+0x298>
 8000ccc:	2d00      	cmp	r5, #0
 8000cce:	f43f af4d 	beq.w	8000b6c <HAL_RCC_OscConfig+0x148>
 8000cd2:	e044      	b.n	8000d5e <HAL_RCC_OscConfig+0x33a>
 8000cd4:	4a42      	ldr	r2, [pc, #264]	@ (8000de0 <HAL_RCC_OscConfig+0x3bc>)
 8000cd6:	4e43      	ldr	r6, [pc, #268]	@ (8000de4 <HAL_RCC_OscConfig+0x3c0>)
 8000cd8:	6013      	str	r3, [r2, #0]
 8000cda:	f7ff fd29 	bl	8000730 <HAL_GetTick>
 8000cde:	4605      	mov	r5, r0
 8000ce0:	e004      	b.n	8000cec <HAL_RCC_OscConfig+0x2c8>
 8000ce2:	f7ff fd25 	bl	8000730 <HAL_GetTick>
 8000ce6:	1b40      	subs	r0, r0, r5
 8000ce8:	2802      	cmp	r0, #2
 8000cea:	d8d1      	bhi.n	8000c90 <HAL_RCC_OscConfig+0x26c>
 8000cec:	6833      	ldr	r3, [r6, #0]
 8000cee:	0799      	lsls	r1, r3, #30
 8000cf0:	d4f7      	bmi.n	8000ce2 <HAL_RCC_OscConfig+0x2be>
 8000cf2:	6823      	ldr	r3, [r4, #0]
 8000cf4:	e6fb      	b.n	8000aee <HAL_RCC_OscConfig+0xca>
 8000cf6:	2b01      	cmp	r3, #1
 8000cf8:	f43f af78 	beq.w	8000bec <HAL_RCC_OscConfig+0x1c8>
 8000cfc:	686b      	ldr	r3, [r5, #4]
 8000cfe:	69e2      	ldr	r2, [r4, #28]
 8000d00:	f403 0180 	and.w	r1, r3, #4194304	@ 0x400000
 8000d04:	4291      	cmp	r1, r2
 8000d06:	f47f af71 	bne.w	8000bec <HAL_RCC_OscConfig+0x1c8>
 8000d0a:	6a22      	ldr	r2, [r4, #32]
 8000d0c:	f003 013f 	and.w	r1, r3, #63	@ 0x3f
 8000d10:	4291      	cmp	r1, r2
 8000d12:	f47f af6b 	bne.w	8000bec <HAL_RCC_OscConfig+0x1c8>
 8000d16:	6a61      	ldr	r1, [r4, #36]	@ 0x24
 8000d18:	f647 72c0 	movw	r2, #32704	@ 0x7fc0
 8000d1c:	401a      	ands	r2, r3
 8000d1e:	ebb2 1f81 	cmp.w	r2, r1, lsl #6
 8000d22:	f47f af63 	bne.w	8000bec <HAL_RCC_OscConfig+0x1c8>
 8000d26:	6aa2      	ldr	r2, [r4, #40]	@ 0x28
 8000d28:	0852      	lsrs	r2, r2, #1
 8000d2a:	f403 3140 	and.w	r1, r3, #196608	@ 0x30000
 8000d2e:	3a01      	subs	r2, #1
 8000d30:	ebb1 4f02 	cmp.w	r1, r2, lsl #16
 8000d34:	f47f af5a 	bne.w	8000bec <HAL_RCC_OscConfig+0x1c8>
 8000d38:	6ae2      	ldr	r2, [r4, #44]	@ 0x2c
 8000d3a:	f003 6370 	and.w	r3, r3, #251658240	@ 0xf000000
 8000d3e:	ebb3 6f02 	cmp.w	r3, r2, lsl #24
 8000d42:	bf14      	ite	ne
 8000d44:	2001      	movne	r0, #1
 8000d46:	2000      	moveq	r0, #0
 8000d48:	e72d      	b.n	8000ba6 <HAL_RCC_OscConfig+0x182>
 8000d4a:	4b26      	ldr	r3, [pc, #152]	@ (8000de4 <HAL_RCC_OscConfig+0x3c0>)
 8000d4c:	681a      	ldr	r2, [r3, #0]
 8000d4e:	f442 2280 	orr.w	r2, r2, #262144	@ 0x40000
 8000d52:	601a      	str	r2, [r3, #0]
 8000d54:	681a      	ldr	r2, [r3, #0]
 8000d56:	f442 3280 	orr.w	r2, r2, #65536	@ 0x10000
 8000d5a:	601a      	str	r2, [r3, #0]
 8000d5c:	e76e      	b.n	8000c3c <HAL_RCC_OscConfig+0x218>
 8000d5e:	4a21      	ldr	r2, [pc, #132]	@ (8000de4 <HAL_RCC_OscConfig+0x3c0>)
 8000d60:	6c13      	ldr	r3, [r2, #64]	@ 0x40
 8000d62:	f023 5380 	bic.w	r3, r3, #268435456	@ 0x10000000
 8000d66:	6413      	str	r3, [r2, #64]	@ 0x40
 8000d68:	e700      	b.n	8000b6c <HAL_RCC_OscConfig+0x148>
 8000d6a:	4b1e      	ldr	r3, [pc, #120]	@ (8000de4 <HAL_RCC_OscConfig+0x3c0>)
 8000d6c:	6f1a      	ldr	r2, [r3, #112]	@ 0x70
 8000d6e:	f042 0204 	orr.w	r2, r2, #4
 8000d72:	671a      	str	r2, [r3, #112]	@ 0x70
 8000d74:	6f1a      	ldr	r2, [r3, #112]	@ 0x70
 8000d76:	f042 0201 	orr.w	r2, r2, #1
 8000d7a:	671a      	str	r2, [r3, #112]	@ 0x70
 8000d7c:	e791      	b.n	8000ca2 <HAL_RCC_OscConfig+0x27e>
 8000d7e:	f7ff fcd7 	bl	8000730 <HAL_GetTick>
 8000d82:	4606      	mov	r6, r0
 8000d84:	e005      	b.n	8000d92 <HAL_RCC_OscConfig+0x36e>
 8000d86:	f7ff fcd3 	bl	8000730 <HAL_GetTick>
 8000d8a:	1b80      	subs	r0, r0, r6
 8000d8c:	2802      	cmp	r0, #2
 8000d8e:	f63f af7f 	bhi.w	8000c90 <HAL_RCC_OscConfig+0x26c>
 8000d92:	682b      	ldr	r3, [r5, #0]
 8000d94:	0199      	lsls	r1, r3, #6
 8000d96:	d4f6      	bmi.n	8000d86 <HAL_RCC_OscConfig+0x362>
 8000d98:	e9d4 3107 	ldrd	r3, r1, [r4, #28]
 8000d9c:	6a62      	ldr	r2, [r4, #36]	@ 0x24
 8000d9e:	430b      	orrs	r3, r1
 8000da0:	ea43 1382 	orr.w	r3, r3, r2, lsl #6
 8000da4:	e9d4 200a 	ldrd	r2, r0, [r4, #40]	@ 0x28
 8000da8:	0852      	lsrs	r2, r2, #1
 8000daa:	490d      	ldr	r1, [pc, #52]	@ (8000de0 <HAL_RCC_OscConfig+0x3bc>)
 8000dac:	ea43 6300 	orr.w	r3, r3, r0, lsl #24
 8000db0:	3a01      	subs	r2, #1
 8000db2:	ea43 4302 	orr.w	r3, r3, r2, lsl #16
 8000db6:	2201      	movs	r2, #1
 8000db8:	606b      	str	r3, [r5, #4]
 8000dba:	660a      	str	r2, [r1, #96]	@ 0x60
 8000dbc:	f7ff fcb8 	bl	8000730 <HAL_GetTick>
 8000dc0:	4d08      	ldr	r5, [pc, #32]	@ (8000de4 <HAL_RCC_OscConfig+0x3c0>)
 8000dc2:	4604      	mov	r4, r0
 8000dc4:	e005      	b.n	8000dd2 <HAL_RCC_OscConfig+0x3ae>
 8000dc6:	f7ff fcb3 	bl	8000730 <HAL_GetTick>
 8000dca:	1b00      	subs	r0, r0, r4
 8000dcc:	2802      	cmp	r0, #2
 8000dce:	f63f af5f 	bhi.w	8000c90 <HAL_RCC_OscConfig+0x26c>
 8000dd2:	682b      	ldr	r3, [r5, #0]
 8000dd4:	019a      	lsls	r2, r3, #6
 8000dd6:	d5f6      	bpl.n	8000dc6 <HAL_RCC_OscConfig+0x3a2>
 8000dd8:	e6e4      	b.n	8000ba4 <HAL_RCC_OscConfig+0x180>
 8000dda:	2001      	movs	r0, #1
 8000ddc:	4770      	bx	lr
 8000dde:	bf00      	nop
 8000de0:	42470000 	.word	0x42470000
 8000de4:	40023800 	.word	0x40023800

08000de8 <HAL_RCC_GetSysClockFreq>:
 8000de8:	4916      	ldr	r1, [pc, #88]	@ (8000e44 <HAL_RCC_GetSysClockFreq+0x5c>)
 8000dea:	b508      	push	{r3, lr}
 8000dec:	688b      	ldr	r3, [r1, #8]
 8000dee:	f003 030c 	and.w	r3, r3, #12
 8000df2:	2b04      	cmp	r3, #4
 8000df4:	d01b      	beq.n	8000e2e <HAL_RCC_GetSysClockFreq+0x46>
 8000df6:	2b08      	cmp	r3, #8
 8000df8:	d001      	beq.n	8000dfe <HAL_RCC_GetSysClockFreq+0x16>
 8000dfa:	4813      	ldr	r0, [pc, #76]	@ (8000e48 <HAL_RCC_GetSysClockFreq+0x60>)
 8000dfc:	bd08      	pop	{r3, pc}
 8000dfe:	684a      	ldr	r2, [r1, #4]
 8000e00:	684b      	ldr	r3, [r1, #4]
 8000e02:	6849      	ldr	r1, [r1, #4]
 8000e04:	f413 0380 	ands.w	r3, r3, #4194304	@ 0x400000
 8000e08:	f002 023f 	and.w	r2, r2, #63	@ 0x3f
 8000e0c:	d111      	bne.n	8000e32 <HAL_RCC_GetSysClockFreq+0x4a>
 8000e0e:	480e      	ldr	r0, [pc, #56]	@ (8000e48 <HAL_RCC_GetSysClockFreq+0x60>)
 8000e10:	f3c1 1188 	ubfx	r1, r1, #6, #9
 8000e14:	fba1 0100 	umull	r0, r1, r1, r0
 8000e18:	f7ff fa28 	bl	800026c <__aeabi_uldivmod>
 8000e1c:	4b09      	ldr	r3, [pc, #36]	@ (8000e44 <HAL_RCC_GetSysClockFreq+0x5c>)
 8000e1e:	685b      	ldr	r3, [r3, #4]
 8000e20:	f3c3 4301 	ubfx	r3, r3, #16, #2
 8000e24:	3301      	adds	r3, #1
 8000e26:	005b      	lsls	r3, r3, #1
 8000e28:	fbb0 f0f3 	udiv	r0, r0, r3
 8000e2c:	bd08      	pop	{r3, pc}
 8000e2e:	4807      	ldr	r0, [pc, #28]	@ (8000e4c <HAL_RCC_GetSysClockFreq+0x64>)
 8000e30:	bd08      	pop	{r3, pc}
 8000e32:	4806      	ldr	r0, [pc, #24]	@ (8000e4c <HAL_RCC_GetSysClockFreq+0x64>)
 8000e34:	f3c1 1188 	ubfx	r1, r1, #6, #9
 8000e38:	2300      	movs	r3, #0
 8000e3a:	fba1 0100 	umull	r0, r1, r1, r0
 8000e3e:	f7ff fa15 	bl	800026c <__aeabi_uldivmod>
 8000e42:	e7eb      	b.n	8000e1c <HAL_RCC_GetSysClockFreq+0x34>
 8000e44:	40023800 	.word	0x40023800
 8000e48:	00f42400 	.word	0x00f42400
 8000e4c:	007a1200 	.word	0x007a1200

08000e50 <HAL_RCC_ClockConfig>:
 8000e50:	2800      	cmp	r0, #0
 8000e52:	f000 8087 	beq.w	8000f64 <HAL_RCC_ClockConfig+0x114>
 8000e56:	4a48      	ldr	r2, [pc, #288]	@ (8000f78 <HAL_RCC_ClockConfig+0x128>)
 8000e58:	6813      	ldr	r3, [r2, #0]
 8000e5a:	f003 0307 	and.w	r3, r3, #7
 8000e5e:	428b      	cmp	r3, r1
 8000e60:	e92d 41f0 	stmdb	sp!, {r4, r5, r6, r7, r8, lr}
 8000e64:	460d      	mov	r5, r1
 8000e66:	4604      	mov	r4, r0
 8000e68:	d209      	bcs.n	8000e7e <HAL_RCC_ClockConfig+0x2e>
 8000e6a:	b2cb      	uxtb	r3, r1
 8000e6c:	7013      	strb	r3, [r2, #0]
 8000e6e:	6813      	ldr	r3, [r2, #0]
 8000e70:	f003 0307 	and.w	r3, r3, #7
 8000e74:	428b      	cmp	r3, r1
 8000e76:	d002      	beq.n	8000e7e <HAL_RCC_ClockConfig+0x2e>
 8000e78:	2001      	movs	r0, #1
 8000e7a:	e8bd 81f0 	ldmia.w	sp!, {r4, r5, r6, r7, r8, pc}
 8000e7e:	6823      	ldr	r3, [r4, #0]
 8000e80:	0798      	lsls	r0, r3, #30
 8000e82:	d514      	bpl.n	8000eae <HAL_RCC_ClockConfig+0x5e>
 8000e84:	0759      	lsls	r1, r3, #29
 8000e86:	d504      	bpl.n	8000e92 <HAL_RCC_ClockConfig+0x42>
 8000e88:	493c      	ldr	r1, [pc, #240]	@ (8000f7c <HAL_RCC_ClockConfig+0x12c>)
 8000e8a:	688a      	ldr	r2, [r1, #8]
 8000e8c:	f442 52e0 	orr.w	r2, r2, #7168	@ 0x1c00
 8000e90:	608a      	str	r2, [r1, #8]
 8000e92:	071a      	lsls	r2, r3, #28
 8000e94:	d504      	bpl.n	8000ea0 <HAL_RCC_ClockConfig+0x50>
 8000e96:	4939      	ldr	r1, [pc, #228]	@ (8000f7c <HAL_RCC_ClockConfig+0x12c>)
 8000e98:	688a      	ldr	r2, [r1, #8]
 8000e9a:	f442 4260 	orr.w	r2, r2, #57344	@ 0xe000
 8000e9e:	608a      	str	r2, [r1, #8]
 8000ea0:	4936      	ldr	r1, [pc, #216]	@ (8000f7c <HAL_RCC_ClockConfig+0x12c>)
 8000ea2:	68a0      	ldr	r0, [r4, #8]
 8000ea4:	688a      	ldr	r2, [r1, #8]
 8000ea6:	f022 02f0 	bic.w	r2, r2, #240	@ 0xf0
 8000eaa:	4302      	orrs	r2, r0
 8000eac:	608a      	str	r2, [r1, #8]
 8000eae:	07df      	lsls	r7, r3, #31
 8000eb0:	d521      	bpl.n	8000ef6 <HAL_RCC_ClockConfig+0xa6>
 8000eb2:	6862      	ldr	r2, [r4, #4]
 8000eb4:	2a01      	cmp	r2, #1
 8000eb6:	d057      	beq.n	8000f68 <HAL_RCC_ClockConfig+0x118>
 8000eb8:	1e93      	subs	r3, r2, #2
 8000eba:	2b01      	cmp	r3, #1
 8000ebc:	4b2f      	ldr	r3, [pc, #188]	@ (8000f7c <HAL_RCC_ClockConfig+0x12c>)
 8000ebe:	681b      	ldr	r3, [r3, #0]
 8000ec0:	d94d      	bls.n	8000f5e <HAL_RCC_ClockConfig+0x10e>
 8000ec2:	0799      	lsls	r1, r3, #30
 8000ec4:	d5d8      	bpl.n	8000e78 <HAL_RCC_ClockConfig+0x28>
 8000ec6:	4e2d      	ldr	r6, [pc, #180]	@ (8000f7c <HAL_RCC_ClockConfig+0x12c>)
 8000ec8:	68b3      	ldr	r3, [r6, #8]
 8000eca:	f023 0303 	bic.w	r3, r3, #3
 8000ece:	4313      	orrs	r3, r2
 8000ed0:	60b3      	str	r3, [r6, #8]
 8000ed2:	f7ff fc2d 	bl	8000730 <HAL_GetTick>
 8000ed6:	f241 3888 	movw	r8, #5000	@ 0x1388
 8000eda:	4607      	mov	r7, r0
 8000edc:	e004      	b.n	8000ee8 <HAL_RCC_ClockConfig+0x98>
 8000ede:	f7ff fc27 	bl	8000730 <HAL_GetTick>
 8000ee2:	1bc0      	subs	r0, r0, r7
 8000ee4:	4540      	cmp	r0, r8
 8000ee6:	d844      	bhi.n	8000f72 <HAL_RCC_ClockConfig+0x122>
 8000ee8:	68b3      	ldr	r3, [r6, #8]
 8000eea:	6862      	ldr	r2, [r4, #4]
 8000eec:	f003 030c 	and.w	r3, r3, #12
 8000ef0:	ebb3 0f82 	cmp.w	r3, r2, lsl #2
 8000ef4:	d1f3      	bne.n	8000ede <HAL_RCC_ClockConfig+0x8e>
 8000ef6:	4a20      	ldr	r2, [pc, #128]	@ (8000f78 <HAL_RCC_ClockConfig+0x128>)
 8000ef8:	6813      	ldr	r3, [r2, #0]
 8000efa:	f003 0307 	and.w	r3, r3, #7
 8000efe:	42ab      	cmp	r3, r5
 8000f00:	d906      	bls.n	8000f10 <HAL_RCC_ClockConfig+0xc0>
 8000f02:	b2eb      	uxtb	r3, r5
 8000f04:	7013      	strb	r3, [r2, #0]
 8000f06:	6813      	ldr	r3, [r2, #0]
 8000f08:	f003 0307 	and.w	r3, r3, #7
 8000f0c:	42ab      	cmp	r3, r5
 8000f0e:	d1b3      	bne.n	8000e78 <HAL_RCC_ClockConfig+0x28>
 8000f10:	6823      	ldr	r3, [r4, #0]
 8000f12:	075a      	lsls	r2, r3, #29
 8000f14:	d506      	bpl.n	8000f24 <HAL_RCC_ClockConfig+0xd4>
 8000f16:	4919      	ldr	r1, [pc, #100]	@ (8000f7c <HAL_RCC_ClockConfig+0x12c>)
 8000f18:	68e0      	ldr	r0, [r4, #12]
 8000f1a:	688a      	ldr	r2, [r1, #8]
 8000f1c:	f422 52e0 	bic.w	r2, r2, #7168	@ 0x1c00
 8000f20:	4302      	orrs	r2, r0
 8000f22:	608a      	str	r2, [r1, #8]
 8000f24:	071b      	lsls	r3, r3, #28
 8000f26:	d507      	bpl.n	8000f38 <HAL_RCC_ClockConfig+0xe8>
 8000f28:	4a14      	ldr	r2, [pc, #80]	@ (8000f7c <HAL_RCC_ClockConfig+0x12c>)
 8000f2a:	6921      	ldr	r1, [r4, #16]
 8000f2c:	6893      	ldr	r3, [r2, #8]
 8000f2e:	f423 4360 	bic.w	r3, r3, #57344	@ 0xe000
 8000f32:	ea43 03c1 	orr.w	r3, r3, r1, lsl #3
 8000f36:	6093      	str	r3, [r2, #8]
 8000f38:	f7ff ff56 	bl	8000de8 <HAL_RCC_GetSysClockFreq>
 8000f3c:	4a0f      	ldr	r2, [pc, #60]	@ (8000f7c <HAL_RCC_ClockConfig+0x12c>)
 8000f3e:	4c10      	ldr	r4, [pc, #64]	@ (8000f80 <HAL_RCC_ClockConfig+0x130>)
 8000f40:	6892      	ldr	r2, [r2, #8]
 8000f42:	4910      	ldr	r1, [pc, #64]	@ (8000f84 <HAL_RCC_ClockConfig+0x134>)
 8000f44:	f3c2 1203 	ubfx	r2, r2, #4, #4
 8000f48:	4603      	mov	r3, r0
 8000f4a:	5ca2      	ldrb	r2, [r4, r2]
 8000f4c:	480e      	ldr	r0, [pc, #56]	@ (8000f88 <HAL_RCC_ClockConfig+0x138>)
 8000f4e:	40d3      	lsrs	r3, r2
 8000f50:	6800      	ldr	r0, [r0, #0]
 8000f52:	600b      	str	r3, [r1, #0]
 8000f54:	f7ff fba2 	bl	800069c <HAL_InitTick>
 8000f58:	2000      	movs	r0, #0
 8000f5a:	e8bd 81f0 	ldmia.w	sp!, {r4, r5, r6, r7, r8, pc}
 8000f5e:	0198      	lsls	r0, r3, #6
 8000f60:	d4b1      	bmi.n	8000ec6 <HAL_RCC_ClockConfig+0x76>
 8000f62:	e789      	b.n	8000e78 <HAL_RCC_ClockConfig+0x28>
 8000f64:	2001      	movs	r0, #1
 8000f66:	4770      	bx	lr
 8000f68:	4b04      	ldr	r3, [pc, #16]	@ (8000f7c <HAL_RCC_ClockConfig+0x12c>)
 8000f6a:	681b      	ldr	r3, [r3, #0]
 8000f6c:	039e      	lsls	r6, r3, #14
 8000f6e:	d4aa      	bmi.n	8000ec6 <HAL_RCC_ClockConfig+0x76>
 8000f70:	e782      	b.n	8000e78 <HAL_RCC_ClockConfig+0x28>
 8000f72:	2003      	movs	r0, #3
 8000f74:	e781      	b.n	8000e7a <HAL_RCC_ClockConfig+0x2a>
 8000f76:	bf00      	nop
 8000f78:	40023c00 	.word	0x40023c00
 8000f7c:	40023800 	.word	0x40023800
 8000f80:	08000ff4 	.word	0x08000ff4
 8000f84:	20000000 	.word	0x20000000
 8000f88:	20000008 	.word	0x20000008

08000f8c <Reset_Handler>:
 8000f8c:	480d      	ldr	r0, [pc, #52]	@ (8000fc4 <Reset_Handler+0x38>)
 8000f8e:	490e      	ldr	r1, [pc, #56]	@ (8000fc8 <Reset_Handler+0x3c>)
 8000f90:	4a0e      	ldr	r2, [pc, #56]	@ (8000fcc <Reset_Handler+0x40>)
 8000f92:	4288      	cmp	r0, r1
 8000f94:	d005      	beq.n	8000fa2 <Reset_Handler+0x16>
 8000f96:	f852 3b04 	ldr.w	r3, [r2], #4
 8000f9a:	f840 3b04 	str.w	r3, [r0], #4
 8000f9e:	4288      	cmp	r0, r1
 8000fa0:	dbf9      	blt.n	8000f96 <Reset_Handler+0xa>
 8000fa2:	480b      	ldr	r0, [pc, #44]	@ (8000fd0 <Reset_Handler+0x44>)
 8000fa4:	490b      	ldr	r1, [pc, #44]	@ (8000fd4 <Reset_Handler+0x48>)
 8000fa6:	f04f 0200 	mov.w	r2, #0
 8000faa:	4288      	cmp	r0, r1
 8000fac:	d003      	beq.n	8000fb6 <Reset_Handler+0x2a>
 8000fae:	f840 2b04 	str.w	r2, [r0], #4
 8000fb2:	4288      	cmp	r0, r1
 8000fb4:	dbfb      	blt.n	8000fae <Reset_Handler+0x22>
 8000fb6:	f7ff fb47 	bl	8000648 <SystemInit>
 8000fba:	f7ff f92f 	bl	800021c <__libc_init_array>
 8000fbe:	f7ff facd 	bl	800055c <main>
 8000fc2:	4770      	bx	lr
 8000fc4:	20000000 	.word	0x20000000
 8000fc8:	2000000c 	.word	0x2000000c
 8000fcc:	08001014 	.word	0x08001014
 8000fd0:	2000000c 	.word	0x2000000c
 8000fd4:	20000040 	.word	0x20000040

08000fd8 <ADC_IRQHandler>:
 8000fd8:	e7fe      	b.n	8000fd8 <ADC_IRQHandler>
	...

08000fdc <_init>:
 8000fdc:	b5f8      	push	{r3, r4, r5, r6, r7, lr}
 8000fde:	bf00      	nop
 8000fe0:	bcf8      	pop	{r3, r4, r5, r6, r7}
 8000fe2:	bc08      	pop	{r3}
 8000fe4:	469e      	mov	lr, r3
 8000fe6:	4770      	bx	lr

08000fe8 <_fini>:
 8000fe8:	b5f8      	push	{r3, r4, r5, r6, r7, lr}
 8000fea:	bf00      	nop
 8000fec:	bcf8      	pop	{r3, r4, r5, r6, r7}
 8000fee:	bc08      	pop	{r3}
 8000ff0:	469e      	mov	lr, r3
 8000ff2:	4770      	bx	lr
